{"/Users/godswilldavid/source/repos/NodeJs/Nexa/apps/api/src/app.controller.ts": {"path":"/Users/godswilldavid/source/repos/NodeJs/Nexa/apps/api/src/app.controller.ts","statementMap":{"0":{"start":{"line":1,"column":0},"end":{"line":1,"column":49}},"1":{"start":{"line":2,"column":0},"end":{"line":2,"column":62}},"2":{"start":{"line":3,"column":0},"end":{"line":3,"column":43}},"3":{"start":{"line":6,"column":7},"end":{"line":14,"column":null}},"4":{"start":{"line":7,"column":31},"end":{"line":7,"column":43}},"5":{"start":{"line":12,"column":4},"end":{"line":12,"column":38}},"6":{"start":{"line":6,"column":13},"end":{"line":6,"column":26}},"7":{"start":{"line":11,"column":2},"end":{"line":13,"column":null}},"8":{"start":{"line":6,"column":13},"end":{"line":14,"column":null}}},"fnMap":{"0":{"name":"(anonymous_2)","decl":{"start":{"line":7,"column":2},"end":{"line":7,"column":31}},"loc":{"start":{"line":7,"column":53},"end":{"line":7,"column":57}}},"1":{"name":"(anonymous_3)","decl":{"start":{"line":11,"column":2},"end":{"line":11,"column":10}},"loc":{"start":{"line":11,"column":10},"end":{"line":13,"column":3}}}},"branchMap":{"0":{"loc":{"start":{"line":7,"column":43},"end":{"line":7,"column":56}},"type":"cond-expr","locations":[{"start":{"line":7,"column":53},"end":{"line":7,"column":56}},{"start":{"line":7,"column":53},"end":{"line":7,"column":56}}]},"1":{"loc":{"start":{"line":7,"column":43},"end":{"line":7,"column":53}},"type":"binary-expr","locations":[{"start":{"line":7,"column":43},"end":{"line":7,"column":56}},{"start":{"line":7,"column":43},"end":{"line":7,"column":53}}]}},"s":{"0":0,"1":0,"2":0,"3":0,"4":0,"5":0,"6":0,"7":0,"8":0},"f":{"0":0,"1":0},"b":{"0":[0,0],"1":[0,0]}}
,"/Users/godswilldavid/source/repos/NodeJs/Nexa/apps/api/src/app.module.ts": {"path":"/Users/godswilldavid/source/repos/NodeJs/Nexa/apps/api/src/app.module.ts","statementMap":{"0":{"start":{"line":1,"column":0},"end":{"line":1,"column":56}},"1":{"start":{"line":2,"column":0},"end":{"line":2,"column":46}},"2":{"start":{"line":3,"column":0},"end":{"line":3,"column":51}},"3":{"start":{"line":4,"column":0},"end":{"line":4,"column":59}},"4":{"start":{"line":5,"column":0},"end":{"line":5,"column":49}},"5":{"start":{"line":6,"column":0},"end":{"line":6,"column":43}},"6":{"start":{"line":7,"column":0},"end":{"line":7,"column":45}},"7":{"start":{"line":8,"column":0},"end":{"line":8,"column":62}},"8":{"start":{"line":9,"column":0},"end":{"line":9,"column":57}},"9":{"start":{"line":10,"column":0},"end":{"line":10,"column":51}},"10":{"start":{"line":11,"column":0},"end":{"line":11,"column":54}},"11":{"start":{"line":12,"column":0},"end":{"line":12,"column":60}},"12":{"start":{"line":13,"column":0},"end":{"line":13,"column":56}},"13":{"start":{"line":14,"column":0},"end":{"line":14,"column":68}},"14":{"start":{"line":15,"column":0},"end":{"line":15,"column":83}},"15":{"start":{"line":16,"column":0},"end":{"line":16,"column":59}},"16":{"start":{"line":17,"column":0},"end":{"line":17,"column":59}},"17":{"start":{"line":18,"column":0},"end":{"line":18,"column":68}},"18":{"start":{"line":19,"column":0},"end":{"line":19,"column":68}},"19":{"start":{"line":60,"column":7},"end":{"line":60,"column":null}},"20":{"start":{"line":60,"column":13},"end":{"line":60,"column":22}},"21":{"start":{"line":60,"column":13},"end":{"line":60,"column":null}},"22":{"start":{"line":49,"column":8},"end":{"line":54,"column":10}}},"fnMap":{"0":{"name":"(anonymous_2)","decl":{"start":{"line":48,"column":18},"end":{"line":48,"column":21}},"loc":{"start":{"line":49,"column":8},"end":{"line":54,"column":10}}}},"branchMap":{},"s":{"0":0,"1":0,"2":0,"3":0,"4":0,"5":0,"6":0,"7":0,"8":0,"9":0,"10":0,"11":0,"12":0,"13":0,"14":0,"15":0,"16":0,"17":0,"18":0,"19":0,"20":0,"21":0,"22":0},"f":{"0":0},"b":{}}
,"/Users/godswilldavid/source/repos/NodeJs/Nexa/apps/api/src/app.service.ts": {"path":"/Users/godswilldavid/source/repos/NodeJs/Nexa/apps/api/src/app.service.ts","statementMap":{"0":{"start":{"line":1,"column":0},"end":{"line":1,"column":44}},"1":{"start":{"line":4,"column":7},"end":{"line":8,"column":null}},"2":{"start":{"line":6,"column":4},"end":{"line":6,"column":26}},"3":{"start":{"line":4,"column":13},"end":{"line":4,"column":23}},"4":{"start":{"line":4,"column":13},"end":{"line":8,"column":null}}},"fnMap":{"0":{"name":"(anonymous_1)","decl":{"start":{"line":5,"column":2},"end":{"line":5,"column":10}},"loc":{"start":{"line":5,"column":10},"end":{"line":7,"column":3}}}},"branchMap":{},"s":{"0":0,"1":0,"2":0,"3":0,"4":0},"f":{"0":0},"b":{}}
,"/Users/godswilldavid/source/repos/NodeJs/Nexa/apps/api/src/data-source.ts": {"path":"/Users/godswilldavid/source/repos/NodeJs/Nexa/apps/api/src/data-source.ts","statementMap":{"0":{"start":{"line":1,"column":0},"end":{"line":1,"column":26}},"1":{"start":{"line":2,"column":0},"end":{"line":2,"column":43}},"2":{"start":{"line":3,"column":0},"end":{"line":3,"column":36}},"3":{"start":{"line":4,"column":0},"end":{"line":4,"column":37}},"4":{"start":{"line":5,"column":0},"end":{"line":5,"column":64}},"5":{"start":{"line":6,"column":0},"end":{"line":6,"column":48}},"6":{"start":{"line":8,"column":0},"end":{"line":8,"column":55}},"7":{"start":{"line":9,"column":0},"end":{"line":9,"column":66}},"8":{"start":{"line":11,"column":15},"end":{"line":11,"column":45}},"9":{"start":{"line":12,"column":20},"end":{"line":12,"column":128}},"10":{"start":{"line":15,"column":12},"end":{"line":15,"column":86}},"11":{"start":{"line":17,"column":13},"end":{"line":27,"column":3}}},"fnMap":{},"branchMap":{"0":{"loc":{"start":{"line":11,"column":15},"end":{"line":11,"column":45}},"type":"binary-expr","locations":[{"start":{"line":11,"column":15},"end":{"line":11,"column":39}},{"start":{"line":11,"column":43},"end":{"line":11,"column":45}}]},"1":{"loc":{"start":{"line":12,"column":20},"end":{"line":12,"column":128}},"type":"binary-expr","locations":[{"start":{"line":12,"column":20},"end":{"line":12,"column":96}},{"start":{"line":12,"column":100},"end":{"line":12,"column":128}}]},"2":{"loc":{"start":{"line":20,"column":7},"end":{"line":20,"column":62}},"type":"cond-expr","locations":[{"start":{"line":20,"column":21},"end":{"line":20,"column":50}},{"start":{"line":20,"column":53},"end":{"line":20,"column":62}}]}},"s":{"0":0,"1":0,"2":0,"3":0,"4":0,"5":0,"6":0,"7":0,"8":0,"9":0,"10":0,"11":0},"f":{},"b":{"0":[0,0],"1":[0,0],"2":[0,0]}}
,"/Users/godswilldavid/source/repos/NodeJs/Nexa/apps/api/src/main.ts": {"path":"/Users/godswilldavid/source/repos/NodeJs/Nexa/apps/api/src/main.ts","statementMap":{"0":{"start":{"line":1,"column":0},"end":{"line":1,"column":47}},"1":{"start":{"line":2,"column":0},"end":{"line":2,"column":43}},"2":{"start":{"line":3,"column":0},"end":{"line":3,"column":65}},"3":{"start":{"line":4,"column":0},"end":{"line":4,"column":41}},"4":{"start":{"line":5,"column":0},"end":{"line":5,"column":41}},"5":{"start":{"line":8,"column":14},"end":{"line":8,"column":49}},"6":{"start":{"line":9,"column":17},"end":{"line":9,"column":39}},"7":{"start":{"line":11,"column":2},"end":{"line":11,"column":26}},"8":{"start":{"line":12,"column":2},"end":{"line":15,"column":5}},"9":{"start":{"line":16,"column":2},"end":{"line":16,"column":49}},"10":{"start":{"line":18,"column":24},"end":{"line":34,"column":12}},"11":{"start":{"line":36,"column":19},"end":{"line":36,"column":67}},"12":{"start":{"line":37,"column":2},"end":{"line":39,"column":5}},"13":{"start":{"line":41,"column":15},"end":{"line":41,"column":52}},"14":{"start":{"line":42,"column":2},"end":{"line":42,"column":25}},"15":{"start":{"line":44,"column":2},"end":{"line":44,"column":66}},"16":{"start":{"line":46,"column":2},"end":{"line":46,"column":78}},"17":{"start":{"line":48,"column":0},"end":{"line":48,"column":12}}},"fnMap":{"0":{"name":"bootstrap","decl":{"start":{"line":7,"column":15},"end":{"line":7,"column":24}},"loc":{"start":{"line":7,"column":24},"end":{"line":47,"column":1}}}},"branchMap":{},"s":{"0":0,"1":0,"2":0,"3":0,"4":0,"5":0,"6":0,"7":0,"8":0,"9":0,"10":0,"11":0,"12":0,"13":0,"14":0,"15":0,"16":0,"17":0},"f":{"0":0},"b":{}}
,"/Users/godswilldavid/source/repos/NodeJs/Nexa/apps/api/src/common/audit/actor.context.ts": {"path":"/Users/godswilldavid/source/repos/NodeJs/Nexa/apps/api/src/common/audit/actor.context.ts","statementMap":{"0":{"start":{"line":1,"column":0},"end":{"line":1,"column":44}},"1":{"start":{"line":2,"column":0},"end":{"line":2,"column":53}},"2":{"start":{"line":9,"column":28},"end":{"line":9,"column":44}},"3":{"start":{"line":12,"column":7},"end":{"line":33,"column":null}},"4":{"start":{"line":13,"column":25},"end":{"line":13,"column":55}},"5":{"start":{"line":17,"column":4},"end":{"line":17,"column":35}},"6":{"start":{"line":22,"column":4},"end":{"line":22,"column":30}},"7":{"start":{"line":27,"column":4},"end":{"line":27,"column":47}},"8":{"start":{"line":31,"column":4},"end":{"line":31,"column":34}},"9":{"start":{"line":12,"column":13},"end":{"line":12,"column":25}},"10":{"start":{"line":12,"column":13},"end":{"line":33,"column":null}}},"fnMap":{"0":{"name":"(anonymous_1)","decl":{"start":{"line":16,"column":2},"end":{"line":16,"column":5}},"loc":{"start":{"line":16,"column":34},"end":{"line":18,"column":3}}},"1":{"name":"(anonymous_2)","decl":{"start":{"line":21,"column":2},"end":{"line":21,"column":7}},"loc":{"start":{"line":21,"column":20},"end":{"line":23,"column":3}}},"2":{"name":"(anonymous_3)","decl":{"start":{"line":26,"column":2},"end":{"line":26,"column":10}},"loc":{"start":{"line":26,"column":10},"end":{"line":28,"column":3}}},"3":{"name":"(anonymous_4)","decl":{"start":{"line":30,"column":2},"end":{"line":30,"column":12}},"loc":{"start":{"line":30,"column":12},"end":{"line":32,"column":3}}}},"branchMap":{"0":{"loc":{"start":{"line":27,"column":11},"end":{"line":27,"column":46}},"type":"binary-expr","locations":[{"start":{"line":27,"column":11},"end":{"line":27,"column":30}},{"start":{"line":27,"column":34},"end":{"line":27,"column":46}}]}},"s":{"0":0,"1":0,"2":0,"3":0,"4":0,"5":0,"6":0,"7":0,"8":0,"9":0,"10":0},"f":{"0":0,"1":0,"2":0,"3":0},"b":{"0":[0,0]}}
,"/Users/godswilldavid/source/repos/NodeJs/Nexa/apps/api/src/common/audit/actor.interceptor.ts": {"path":"/Users/godswilldavid/source/repos/NodeJs/Nexa/apps/api/src/common/audit/actor.interceptor.ts","statementMap":{"0":{"start":{"line":1,"column":0},"end":{"line":1,"column":null}},"1":{"start":{"line":9,"column":0},"end":{"line":9,"column":47}},"2":{"start":{"line":17,"column":7},"end":{"line":26,"column":null}},"3":{"start":{"line":18,"column":31},"end":{"line":18,"column":38}},"4":{"start":{"line":21,"column":16},"end":{"line":21,"column":51}},"5":{"start":{"line":22,"column":17},"end":{"line":22,"column":59}},"6":{"start":{"line":23,"column":4},"end":{"line":23,"column":55}},"7":{"start":{"line":24,"column":4},"end":{"line":24,"column":25}},"8":{"start":{"line":17,"column":13},"end":{"line":17,"column":29}},"9":{"start":{"line":17,"column":13},"end":{"line":26,"column":null}}},"fnMap":{"0":{"name":"(anonymous_2)","decl":{"start":{"line":18,"column":2},"end":{"line":18,"column":31}},"loc":{"start":{"line":18,"column":50},"end":{"line":18,"column":54}}},"1":{"name":"(anonymous_3)","decl":{"start":{"line":20,"column":2},"end":{"line":20,"column":11}},"loc":{"start":{"line":20,"column":56},"end":{"line":25,"column":3}}}},"branchMap":{"0":{"loc":{"start":{"line":23,"column":31},"end":{"line":23,"column":51}},"type":"binary-expr","locations":[{"start":{"line":23,"column":31},"end":{"line":23,"column":43}},{"start":{"line":23,"column":47},"end":{"line":23,"column":51}}]},"1":{"loc":{"start":{"line":18,"column":38},"end":{"line":18,"column":53}},"type":"cond-expr","locations":[{"start":{"line":18,"column":50},"end":{"line":18,"column":53}},{"start":{"line":18,"column":50},"end":{"line":18,"column":53}}]},"2":{"loc":{"start":{"line":18,"column":38},"end":{"line":18,"column":50}},"type":"binary-expr","locations":[{"start":{"line":18,"column":38},"end":{"line":18,"column":53}},{"start":{"line":18,"column":38},"end":{"line":18,"column":50}}]}},"s":{"0":0,"1":0,"2":0,"3":0,"4":0,"5":0,"6":0,"7":0,"8":0,"9":0},"f":{"0":0,"1":0},"b":{"0":[0,0],"1":[0,0],"2":[0,0]}}
,"/Users/godswilldavid/source/repos/NodeJs/Nexa/apps/api/src/common/audit/audit.module.ts": {"path":"/Users/godswilldavid/source/repos/NodeJs/Nexa/apps/api/src/common/audit/audit.module.ts","statementMap":{"0":{"start":{"line":1,"column":0},"end":{"line":1,"column":48}},"1":{"start":{"line":2,"column":0},"end":{"line":2,"column":47}},"2":{"start":{"line":3,"column":0},"end":{"line":3,"column":47}},"3":{"start":{"line":4,"column":0},"end":{"line":4,"column":55}},"4":{"start":{"line":5,"column":0},"end":{"line":5,"column":53}},"5":{"start":{"line":16,"column":7},"end":{"line":16,"column":null}},"6":{"start":{"line":16,"column":13},"end":{"line":16,"column":24}},"7":{"start":{"line":16,"column":13},"end":{"line":16,"column":null}}},"fnMap":{},"branchMap":{},"s":{"0":0,"1":0,"2":0,"3":0,"4":0,"5":0,"6":0,"7":0},"f":{},"b":{}}
,"/Users/godswilldavid/source/repos/NodeJs/Nexa/apps/api/src/common/audit/audit.subscriber.ts": {"path":"/Users/godswilldavid/source/repos/NodeJs/Nexa/apps/api/src/common/audit/audit.subscriber.ts","statementMap":{"0":{"start":{"line":1,"column":0},"end":{"line":1,"column":44}},"1":{"start":{"line":2,"column":0},"end":{"line":2,"column":51}},"2":{"start":{"line":3,"column":0},"end":{"line":3,"column":null}},"3":{"start":{"line":10,"column":0},"end":{"line":10,"column":67}},"4":{"start":{"line":11,"column":0},"end":{"line":11,"column":47}},"5":{"start":{"line":26,"column":7},"end":{"line":50,"column":null}},"6":{"start":{"line":29,"column":21},"end":{"line":29,"column":28}},"7":{"start":{"line":31,"column":4},"end":{"line":31,"column":38}},"8":{"start":{"line":35,"column":19},"end":{"line":35,"column":31}},"9":{"start":{"line":36,"column":4},"end":{"line":36,"column":49}},"10":{"start":{"line":36,"column":42},"end":{"line":36,"column":49}},"11":{"start":{"line":37,"column":20},"end":{"line":37,"column":43}},"12":{"start":{"line":38,"column":4},"end":{"line":38,"column":25}},"13":{"start":{"line":38,"column":18},"end":{"line":38,"column":25}},"14":{"start":{"line":39,"column":4},"end":{"line":39,"column":61}},"15":{"start":{"line":39,"column":34},"end":{"line":39,"column":61}},"16":{"start":{"line":40,"column":4},"end":{"line":40,"column":61}},"17":{"start":{"line":40,"column":34},"end":{"line":40,"column":61}},"18":{"start":{"line":44,"column":19},"end":{"line":44,"column":31}},"19":{"start":{"line":45,"column":4},"end":{"line":45,"column":49}},"20":{"start":{"line":45,"column":42},"end":{"line":45,"column":49}},"21":{"start":{"line":46,"column":20},"end":{"line":46,"column":43}},"22":{"start":{"line":47,"column":4},"end":{"line":47,"column":25}},"23":{"start":{"line":47,"column":18},"end":{"line":47,"column":25}},"24":{"start":{"line":48,"column":4},"end":{"line":48,"column":31}},"25":{"start":{"line":26,"column":13},"end":{"line":26,"column":28}},"26":{"start":{"line":26,"column":13},"end":{"line":50,"column":null}}},"fnMap":{"0":{"name":"(anonymous_4)","decl":{"start":{"line":27,"column":2},"end":{"line":27,"column":null}},"loc":{"start":{"line":29,"column":40},"end":{"line":32,"column":3}}},"1":{"name":"(anonymous_5)","decl":{"start":{"line":34,"column":2},"end":{"line":34,"column":14}},"loc":{"start":{"line":34,"column":42},"end":{"line":41,"column":3}}},"2":{"name":"(anonymous_6)","decl":{"start":{"line":43,"column":2},"end":{"line":43,"column":14}},"loc":{"start":{"line":43,"column":42},"end":{"line":49,"column":3}}}},"branchMap":{"0":{"loc":{"start":{"line":36,"column":4},"end":{"line":36,"column":49}},"type":"if","locations":[{"start":{"line":36,"column":4},"end":{"line":36,"column":49}},{"start":{},"end":{}}]},"1":{"loc":{"start":{"line":38,"column":4},"end":{"line":38,"column":25}},"type":"if","locations":[{"start":{"line":38,"column":4},"end":{"line":38,"column":25}},{"start":{},"end":{}}]},"2":{"loc":{"start":{"line":39,"column":4},"end":{"line":39,"column":61}},"type":"if","locations":[{"start":{"line":39,"column":4},"end":{"line":39,"column":61}},{"start":{},"end":{}}]},"3":{"loc":{"start":{"line":40,"column":4},"end":{"line":40,"column":61}},"type":"if","locations":[{"start":{"line":40,"column":4},"end":{"line":40,"column":61}},{"start":{},"end":{}}]},"4":{"loc":{"start":{"line":45,"column":4},"end":{"line":45,"column":49}},"type":"if","locations":[{"start":{"line":45,"column":4},"end":{"line":45,"column":49}},{"start":{},"end":{}}]},"5":{"loc":{"start":{"line":47,"column":4},"end":{"line":47,"column":25}},"type":"if","locations":[{"start":{"line":47,"column":4},"end":{"line":47,"column":25}},{"start":{},"end":{}}]},"6":{"loc":{"start":{"line":28,"column":36},"end":{"line":28,"column":null}},"type":"cond-expr","locations":[{"start":{"line":28,"column":46},"end":{"line":28,"column":null}},{"start":{"line":28,"column":46},"end":{"line":28,"column":null}}]},"7":{"loc":{"start":{"line":28,"column":36},"end":{"line":28,"column":46}},"type":"binary-expr","locations":[{"start":{"line":28,"column":36},"end":{"line":28,"column":null}},{"start":{"line":28,"column":36},"end":{"line":28,"column":46}}]},"8":{"loc":{"start":{"line":28,"column":46},"end":{"line":29,"column":null}},"type":"cond-expr","locations":[{"start":{"line":29,"column":40},"end":{"line":29,"column":null}},{"start":{"line":29,"column":40},"end":{"line":29,"column":null}}]},"9":{"loc":{"start":{"line":28,"column":46},"end":{"line":29,"column":40}},"type":"binary-expr","locations":[{"start":{"line":28,"column":46},"end":{"line":29,"column":null}},{"start":{"line":29,"column":28},"end":{"line":29,"column":40}}]}},"s":{"0":0,"1":0,"2":0,"3":0,"4":0,"5":0,"6":0,"7":0,"8":0,"9":0,"10":0,"11":0,"12":0,"13":0,"14":0,"15":0,"16":0,"17":0,"18":0,"19":0,"20":0,"21":0,"22":0,"23":0,"24":0,"25":0,"26":0},"f":{"0":0,"1":0,"2":0},"b":{"0":[0,0],"1":[0,0],"2":[0,0],"3":[0,0],"4":[0,0],"5":[0,0],"6":[0,0],"7":[0,0],"8":[0,0],"9":[0,0]}}
,"/Users/godswilldavid/source/repos/NodeJs/Nexa/apps/api/src/common/audit/index.ts": {"path":"/Users/godswilldavid/source/repos/NodeJs/Nexa/apps/api/src/common/audit/index.ts","statementMap":{"0":{"start":{"line":1,"column":0},"end":{"line":1,"column":9}},"1":{"start":{"line":1,"column":9},"end":{"line":1,"column":59}},"2":{"start":{"line":2,"column":0},"end":{"line":2,"column":9}},"3":{"start":{"line":2,"column":9},"end":{"line":2,"column":45}}},"fnMap":{"0":{"name":"(anonymous_0)","decl":{"start":{"line":1,"column":9},"end":{"line":1,"column":21}},"loc":{"start":{"line":1,"column":9},"end":{"line":1,"column":59}}},"1":{"name":"(anonymous_1)","decl":{"start":{"line":2,"column":9},"end":{"line":2,"column":20}},"loc":{"start":{"line":2,"column":9},"end":{"line":2,"column":45}}}},"branchMap":{},"s":{"0":0,"1":0,"2":0,"3":0},"f":{"0":0,"1":0},"b":{}}
,"/Users/godswilldavid/source/repos/NodeJs/Nexa/apps/api/src/common/decorators/current-user.decorator.ts": {"path":"/Users/godswilldavid/source/repos/NodeJs/Nexa/apps/api/src/common/decorators/current-user.decorator.ts","statementMap":{"0":{"start":{"line":1,"column":0},"end":{"line":1,"column":72}},"1":{"start":{"line":12,"column":13},"end":{"line":17,"column":2}},"2":{"start":{"line":14,"column":16},"end":{"line":14,"column":47}},"3":{"start":{"line":15,"column":4},"end":{"line":15,"column":20}}},"fnMap":{"0":{"name":"(anonymous_0)","decl":{"start":{"line":13,"column":2},"end":{"line":13,"column":3}},"loc":{"start":{"line":13,"column":63},"end":{"line":16,"column":3}}}},"branchMap":{},"s":{"0":0,"1":0,"2":0,"3":0},"f":{"0":0},"b":{}}
,"/Users/godswilldavid/source/repos/NodeJs/Nexa/apps/api/src/common/decorators/public.decorator.ts": {"path":"/Users/godswilldavid/source/repos/NodeJs/Nexa/apps/api/src/common/decorators/public.decorator.ts","statementMap":{"0":{"start":{"line":1,"column":0},"end":{"line":1,"column":45}},"1":{"start":{"line":3,"column":13},"end":{"line":3,"column":40}},"2":{"start":{"line":4,"column":22},"end":{"line":4,"column":60}},"3":{"start":{"line":4,"column":28},"end":{"line":4,"column":60}},"4":{"start":{"line":4,"column":13},"end":{"line":4,"column":22}}},"fnMap":{"0":{"name":"(anonymous_0)","decl":{"start":{"line":4,"column":22},"end":{"line":4,"column":25}},"loc":{"start":{"line":4,"column":28},"end":{"line":4,"column":60}}}},"branchMap":{},"s":{"0":0,"1":0,"2":0,"3":0,"4":0},"f":{"0":0},"b":{}}
,"/Users/godswilldavid/source/repos/NodeJs/Nexa/apps/api/src/common/decorators/require-permissions.decorator.ts": {"path":"/Users/godswilldavid/source/repos/NodeJs/Nexa/apps/api/src/common/decorators/require-permissions.decorator.ts","statementMap":{"0":{"start":{"line":1,"column":0},"end":{"line":1,"column":45}},"1":{"start":{"line":4,"column":13},"end":{"line":4,"column":53}},"2":{"start":{"line":15,"column":34},"end":{"line":16,"column":43}},"3":{"start":{"line":16,"column":2},"end":{"line":16,"column":43}},"4":{"start":{"line":15,"column":13},"end":{"line":15,"column":34}}},"fnMap":{"0":{"name":"(anonymous_0)","decl":{"start":{"line":15,"column":34},"end":{"line":15,"column":35}},"loc":{"start":{"line":16,"column":2},"end":{"line":16,"column":43}}}},"branchMap":{},"s":{"0":0,"1":0,"2":0,"3":0,"4":0},"f":{"0":0},"b":{}}
,"/Users/godswilldavid/source/repos/NodeJs/Nexa/apps/api/src/common/decorators/roles.decorator.ts": {"path":"/Users/godswilldavid/source/repos/NodeJs/Nexa/apps/api/src/common/decorators/roles.decorator.ts","statementMap":{"0":{"start":{"line":1,"column":0},"end":{"line":1,"column":45}},"1":{"start":{"line":4,"column":13},"end":{"line":4,"column":33}},"2":{"start":{"line":12,"column":21},"end":{"line":13,"column":31}},"3":{"start":{"line":13,"column":2},"end":{"line":13,"column":31}},"4":{"start":{"line":12,"column":13},"end":{"line":12,"column":21}}},"fnMap":{"0":{"name":"(anonymous_0)","decl":{"start":{"line":12,"column":21},"end":{"line":12,"column":22}},"loc":{"start":{"line":13,"column":2},"end":{"line":13,"column":31}}}},"branchMap":{},"s":{"0":0,"1":0,"2":0,"3":0,"4":0},"f":{"0":0},"b":{}}
,"/Users/godswilldavid/source/repos/NodeJs/Nexa/apps/api/src/common/guards/jwt-auth.guard.ts": {"path":"/Users/godswilldavid/source/repos/NodeJs/Nexa/apps/api/src/common/guards/jwt-auth.guard.ts","statementMap":{"0":{"start":{"line":1,"column":0},"end":{"line":1,"column":62}},"1":{"start":{"line":2,"column":0},"end":{"line":2,"column":41}},"2":{"start":{"line":3,"column":0},"end":{"line":3,"column":45}},"3":{"start":{"line":4,"column":0},"end":{"line":4,"column":63}},"4":{"start":{"line":7,"column":7},"end":{"line":20,"column":null}},"5":{"start":{"line":9,"column":4},"end":{"line":9,"column":12}},"6":{"start":{"line":8,"column":31},"end":{"line":8,"column":42}},"7":{"start":{"line":13,"column":21},"end":{"line":16,"column":6}},"8":{"start":{"line":17,"column":4},"end":{"line":17,"column":30}},"9":{"start":{"line":17,"column":18},"end":{"line":17,"column":30}},"10":{"start":{"line":18,"column":4},"end":{"line":18,"column":38}},"11":{"start":{"line":7,"column":13},"end":{"line":7,"column":25}},"12":{"start":{"line":7,"column":13},"end":{"line":20,"column":null}}},"fnMap":{"0":{"name":"(anonymous_2)","decl":{"start":{"line":8,"column":2},"end":{"line":8,"column":31}},"loc":{"start":{"line":8,"column":51},"end":{"line":10,"column":3}}},"1":{"name":"(anonymous_3)","decl":{"start":{"line":12,"column":2},"end":{"line":12,"column":13}},"loc":{"start":{"line":12,"column":39},"end":{"line":19,"column":3}}}},"branchMap":{"0":{"loc":{"start":{"line":17,"column":4},"end":{"line":17,"column":30}},"type":"if","locations":[{"start":{"line":17,"column":4},"end":{"line":17,"column":30}},{"start":{},"end":{}}]},"1":{"loc":{"start":{"line":8,"column":42},"end":{"line":8,"column":null}},"type":"cond-expr","locations":[{"start":{"line":8,"column":51},"end":{"line":8,"column":null}},{"start":{"line":8,"column":51},"end":{"line":8,"column":null}}]},"2":{"loc":{"start":{"line":8,"column":42},"end":{"line":8,"column":51}},"type":"binary-expr","locations":[{"start":{"line":8,"column":42},"end":{"line":8,"column":null}},{"start":{"line":8,"column":42},"end":{"line":8,"column":51}}]}},"s":{"0":0,"1":0,"2":0,"3":0,"4":0,"5":0,"6":0,"7":0,"8":0,"9":0,"10":0,"11":0,"12":0},"f":{"0":0,"1":0},"b":{"0":[0,0],"1":[0,0],"2":[0,0]}}
,"/Users/godswilldavid/source/repos/NodeJs/Nexa/apps/api/src/common/guards/permissions.guard.ts": {"path":"/Users/godswilldavid/source/repos/NodeJs/Nexa/apps/api/src/common/guards/permissions.guard.ts","statementMap":{"0":{"start":{"line":1,"column":0},"end":{"line":1,"column":null}},"1":{"start":{"line":7,"column":0},"end":{"line":7,"column":41}},"2":{"start":{"line":10,"column":0},"end":{"line":10,"column":78}},"3":{"start":{"line":13,"column":7},"end":{"line":35,"column":null}},"4":{"start":{"line":14,"column":31},"end":{"line":14,"column":42}},"5":{"start":{"line":17,"column":21},"end":{"line":19,"column":null}},"6":{"start":{"line":21,"column":4},"end":{"line":21,"column":56}},"7":{"start":{"line":21,"column":44},"end":{"line":21,"column":56}},"8":{"start":{"line":23,"column":17},"end":{"line":23,"column":null}},"9":{"start":{"line":26,"column":4},"end":{"line":26,"column":65}},"10":{"start":{"line":26,"column":15},"end":{"line":26,"column":65}},"11":{"start":{"line":28,"column":17},"end":{"line":28,"column":48}},"12":{"start":{"line":29,"column":20},"end":{"line":29,"column":56}},"13":{"start":{"line":29,"column":43},"end":{"line":29,"column":55}},"14":{"start":{"line":30,"column":4},"end":{"line":32,"column":5}},"15":{"start":{"line":31,"column":6},"end":{"line":31,"column":83}},"16":{"start":{"line":33,"column":4},"end":{"line":33,"column":16}},"17":{"start":{"line":13,"column":13},"end":{"line":13,"column":29}},"18":{"start":{"line":13,"column":13},"end":{"line":35,"column":null}}},"fnMap":{"0":{"name":"(anonymous_2)","decl":{"start":{"line":14,"column":2},"end":{"line":14,"column":31}},"loc":{"start":{"line":14,"column":51},"end":{"line":14,"column":55}}},"1":{"name":"(anonymous_3)","decl":{"start":{"line":16,"column":2},"end":{"line":16,"column":13}},"loc":{"start":{"line":16,"column":39},"end":{"line":34,"column":3}}},"2":{"name":"(anonymous_4)","decl":{"start":{"line":29,"column":36},"end":{"line":29,"column":37}},"loc":{"start":{"line":29,"column":43},"end":{"line":29,"column":55}}}},"branchMap":{"0":{"loc":{"start":{"line":21,"column":4},"end":{"line":21,"column":56}},"type":"if","locations":[{"start":{"line":21,"column":4},"end":{"line":21,"column":56}},{"start":{},"end":{}}]},"1":{"loc":{"start":{"line":21,"column":8},"end":{"line":21,"column":42}},"type":"binary-expr","locations":[{"start":{"line":21,"column":8},"end":{"line":21,"column":17}},{"start":{"line":21,"column":21},"end":{"line":21,"column":42}}]},"2":{"loc":{"start":{"line":26,"column":4},"end":{"line":26,"column":65}},"type":"if","locations":[{"start":{"line":26,"column":4},"end":{"line":26,"column":65}},{"start":{},"end":{}}]},"3":{"loc":{"start":{"line":28,"column":25},"end":{"line":28,"column":47}},"type":"binary-expr","locations":[{"start":{"line":28,"column":25},"end":{"line":28,"column":41}},{"start":{"line":28,"column":45},"end":{"line":28,"column":47}}]},"4":{"loc":{"start":{"line":30,"column":4},"end":{"line":32,"column":5}},"type":"if","locations":[{"start":{"line":30,"column":4},"end":{"line":32,"column":5}},{"start":{},"end":{}}]},"5":{"loc":{"start":{"line":14,"column":42},"end":{"line":14,"column":54}},"type":"cond-expr","locations":[{"start":{"line":14,"column":51},"end":{"line":14,"column":54}},{"start":{"line":14,"column":51},"end":{"line":14,"column":54}}]},"6":{"loc":{"start":{"line":14,"column":42},"end":{"line":14,"column":51}},"type":"binary-expr","locations":[{"start":{"line":14,"column":42},"end":{"line":14,"column":54}},{"start":{"line":14,"column":42},"end":{"line":14,"column":51}}]}},"s":{"0":0,"1":0,"2":0,"3":0,"4":0,"5":0,"6":0,"7":0,"8":0,"9":0,"10":0,"11":0,"12":0,"13":0,"14":0,"15":0,"16":0,"17":0,"18":0},"f":{"0":0,"1":0,"2":0},"b":{"0":[0,0],"1":[0,0],"2":[0,0],"3":[0,0],"4":[0,0],"5":[0,0],"6":[0,0]}}
,"/Users/godswilldavid/source/repos/NodeJs/Nexa/apps/api/src/common/guards/roles.guard.ts": {"path":"/Users/godswilldavid/source/repos/NodeJs/Nexa/apps/api/src/common/guards/roles.guard.ts","statementMap":{"0":{"start":{"line":1,"column":0},"end":{"line":1,"column":null}},"1":{"start":{"line":7,"column":0},"end":{"line":7,"column":41}},"2":{"start":{"line":8,"column":0},"end":{"line":8,"column":58}},"3":{"start":{"line":12,"column":7},"end":{"line":33,"column":null}},"4":{"start":{"line":13,"column":31},"end":{"line":13,"column":42}},"5":{"start":{"line":16,"column":26},"end":{"line":18,"column":null}},"6":{"start":{"line":20,"column":4},"end":{"line":20,"column":66}},"7":{"start":{"line":20,"column":54},"end":{"line":20,"column":66}},"8":{"start":{"line":22,"column":17},"end":{"line":22,"column":null}},"9":{"start":{"line":25,"column":4},"end":{"line":27,"column":5}},"10":{"start":{"line":26,"column":6},"end":{"line":26,"column":56}},"11":{"start":{"line":28,"column":4},"end":{"line":30,"column":5}},"12":{"start":{"line":29,"column":6},"end":{"line":29,"column":82}},"13":{"start":{"line":31,"column":4},"end":{"line":31,"column":16}},"14":{"start":{"line":12,"column":13},"end":{"line":12,"column":23}},"15":{"start":{"line":12,"column":13},"end":{"line":33,"column":null}}},"fnMap":{"0":{"name":"(anonymous_2)","decl":{"start":{"line":13,"column":2},"end":{"line":13,"column":31}},"loc":{"start":{"line":13,"column":51},"end":{"line":13,"column":55}}},"1":{"name":"(anonymous_3)","decl":{"start":{"line":15,"column":2},"end":{"line":15,"column":13}},"loc":{"start":{"line":15,"column":39},"end":{"line":32,"column":3}}}},"branchMap":{"0":{"loc":{"start":{"line":20,"column":4},"end":{"line":20,"column":66}},"type":"if","locations":[{"start":{"line":20,"column":4},"end":{"line":20,"column":66}},{"start":{},"end":{}}]},"1":{"loc":{"start":{"line":20,"column":8},"end":{"line":20,"column":52}},"type":"binary-expr","locations":[{"start":{"line":20,"column":8},"end":{"line":20,"column":22}},{"start":{"line":20,"column":26},"end":{"line":20,"column":52}}]},"2":{"loc":{"start":{"line":25,"column":4},"end":{"line":27,"column":5}},"type":"if","locations":[{"start":{"line":25,"column":4},"end":{"line":27,"column":5}},{"start":{},"end":{}}]},"3":{"loc":{"start":{"line":28,"column":4},"end":{"line":30,"column":5}},"type":"if","locations":[{"start":{"line":28,"column":4},"end":{"line":30,"column":5}},{"start":{},"end":{}}]},"4":{"loc":{"start":{"line":13,"column":42},"end":{"line":13,"column":54}},"type":"cond-expr","locations":[{"start":{"line":13,"column":51},"end":{"line":13,"column":54}},{"start":{"line":13,"column":51},"end":{"line":13,"column":54}}]},"5":{"loc":{"start":{"line":13,"column":42},"end":{"line":13,"column":51}},"type":"binary-expr","locations":[{"start":{"line":13,"column":42},"end":{"line":13,"column":54}},{"start":{"line":13,"column":42},"end":{"line":13,"column":51}}]}},"s":{"0":0,"1":0,"2":0,"3":0,"4":0,"5":0,"6":0,"7":0,"8":0,"9":0,"10":0,"11":0,"12":0,"13":0,"14":0,"15":0},"f":{"0":0,"1":0},"b":{"0":[0,0],"1":[0,0],"2":[0,0],"3":[0,0],"4":[0,0],"5":[0,0]}}
,"/Users/godswilldavid/source/repos/NodeJs/Nexa/apps/api/src/config/configuration.ts": {"path":"/Users/godswilldavid/source/repos/NodeJs/Nexa/apps/api/src/config/configuration.ts","statementMap":{"0":{"start":{"line":47,"column":0},"end":{"line":94,"column":2}},"1":{"start":{"line":48,"column":14},"end":{"line":48,"column":49}},"2":{"start":{"line":49,"column":2},"end":{"line":93,"column":4}}},"fnMap":{"0":{"name":"(anonymous_0)","decl":{"start":{"line":47,"column":15},"end":{"line":47,"column":38}},"loc":{"start":{"line":47,"column":40},"end":{"line":94,"column":1}}}},"branchMap":{"0":{"loc":{"start":{"line":52,"column":12},"end":{"line":52,"column":36}},"type":"binary-expr","locations":[{"start":{"line":52,"column":12},"end":{"line":52,"column":28}},{"start":{"line":52,"column":32},"end":{"line":52,"column":36}}]},"1":{"loc":{"start":{"line":80,"column":14},"end":{"line":80,"column":63}},"type":"cond-expr","locations":[{"start":{"line":80,"column":30},"end":{"line":80,"column":51}},{"start":{"line":80,"column":54},"end":{"line":80,"column":63}}]},"2":{"loc":{"start":{"line":90,"column":25},"end":{"line":90,"column":76}},"type":"binary-expr","locations":[{"start":{"line":90,"column":25},"end":{"line":90,"column":68}},{"start":{"line":90,"column":72},"end":{"line":90,"column":76}}]}},"s":{"0":0,"1":0,"2":0},"f":{"0":0},"b":{"0":[0,0],"1":[0,0],"2":[0,0]}}
,"/Users/godswilldavid/source/repos/NodeJs/Nexa/apps/api/src/config/env.validation.ts": {"path":"/Users/godswilldavid/source/repos/NodeJs/Nexa/apps/api/src/config/env.validation.ts","statementMap":{"0":{"start":{"line":115,"column":0},"end":{"line":115,"column":16}},"1":{"start":{"line":1,"column":0},"end":{"line":1,"column":52}},"2":{"start":{"line":2,"column":0},"end":{"line":2,"column":null}},"3":{"start":{"line":12,"column":0},"end":{"line":12,"column":null}},"4":{"start":{"line":13,"column":2},"end":{"line":13,"column":null}},"5":{"start":{"line":14,"column":2},"end":{"line":14,"column":null}},"6":{"start":{"line":15,"column":2},"end":{"line":15,"column":null}},"7":{"start":{"line":20,"column":22},"end":{"line":20,"column":41}},"8":{"start":{"line":24,"column":17},"end":{"line":24,"column":21}},"9":{"start":{"line":37,"column":27},"end":{"line":37,"column":30}},"10":{"start":{"line":41,"column":28},"end":{"line":41,"column":37}},"11":{"start":{"line":56,"column":22},"end":{"line":56,"column":33}},"12":{"start":{"line":59,"column":33},"end":{"line":59,"column":37}},"13":{"start":{"line":102,"column":23},"end":{"line":102,"column":46}},"14":{"start":{"line":105,"column":25},"end":{"line":105,"column":29}},"15":{"start":{"line":108,"column":27},"end":{"line":108,"column":32}},"16":{"start":{"line":18,"column":0},"end":{"line":18,"column":13}},"17":{"start":{"line":20,"column":2},"end":{"line":20,"column":null}},"18":{"start":{"line":24,"column":2},"end":{"line":24,"column":null}},"19":{"start":{"line":27,"column":2},"end":{"line":27,"column":null}},"20":{"start":{"line":30,"column":2},"end":{"line":30,"column":null}},"21":{"start":{"line":33,"column":2},"end":{"line":33,"column":null}},"22":{"start":{"line":37,"column":2},"end":{"line":37,"column":null}},"23":{"start":{"line":41,"column":2},"end":{"line":41,"column":null}},"24":{"start":{"line":44,"column":2},"end":{"line":44,"column":null}},"25":{"start":{"line":47,"column":2},"end":{"line":47,"column":null}},"26":{"start":{"line":50,"column":2},"end":{"line":50,"column":null}},"27":{"start":{"line":53,"column":2},"end":{"line":53,"column":null}},"28":{"start":{"line":56,"column":2},"end":{"line":56,"column":null}},"29":{"start":{"line":59,"column":2},"end":{"line":59,"column":null}},"30":{"start":{"line":63,"column":2},"end":{"line":63,"column":null}},"31":{"start":{"line":67,"column":2},"end":{"line":67,"column":null}},"32":{"start":{"line":71,"column":2},"end":{"line":71,"column":null}},"33":{"start":{"line":75,"column":2},"end":{"line":75,"column":null}},"34":{"start":{"line":79,"column":2},"end":{"line":79,"column":null}},"35":{"start":{"line":83,"column":2},"end":{"line":83,"column":null}},"36":{"start":{"line":87,"column":2},"end":{"line":87,"column":null}},"37":{"start":{"line":91,"column":2},"end":{"line":91,"column":null}},"38":{"start":{"line":95,"column":2},"end":{"line":95,"column":null}},"39":{"start":{"line":99,"column":2},"end":{"line":99,"column":null}},"40":{"start":{"line":102,"column":2},"end":{"line":102,"column":null}},"41":{"start":{"line":105,"column":2},"end":{"line":105,"column":null}},"42":{"start":{"line":108,"column":2},"end":{"line":108,"column":null}},"43":{"start":{"line":112,"column":2},"end":{"line":112,"column":null}},"44":{"start":{"line":116,"column":20},"end":{"line":118,"column":4}},"45":{"start":{"line":119,"column":17},"end":{"line":123,"column":4}},"46":{"start":{"line":124,"column":2},"end":{"line":129,"column":3}},"47":{"start":{"line":125,"column":20},"end":{"line":127,"column":17}},"48":{"start":{"line":126,"column":18},"end":{"line":126,"column":83}},"49":{"start":{"line":128,"column":4},"end":{"line":128,"column":66}},"50":{"start":{"line":130,"column":2},"end":{"line":130,"column":19}}},"fnMap":{"0":{"name":"(anonymous_2)","decl":{"start":{"line":12,"column":0},"end":{"line":12,"column":12}},"loc":{"start":{"line":12,"column":19},"end":{"line":16,"column":1}}},"1":{"name":"validateEnv","decl":{"start":{"line":115,"column":16},"end":{"line":115,"column":27}},"loc":{"start":{"line":115,"column":59},"end":{"line":131,"column":1}}},"2":{"name":"(anonymous_4)","decl":{"start":{"line":126,"column":11},"end":{"line":126,"column":12}},"loc":{"start":{"line":126,"column":18},"end":{"line":126,"column":83}}}},"branchMap":{"0":{"loc":{"start":{"line":12,"column":12},"end":{"line":12,"column":null}},"type":"binary-expr","locations":[{"start":{"line":12,"column":12},"end":{"line":12,"column":19}},{"start":{"line":12,"column":19},"end":{"line":12,"column":null}}]},"1":{"loc":{"start":{"line":124,"column":2},"end":{"line":129,"column":3}},"type":"if","locations":[{"start":{"line":124,"column":2},"end":{"line":129,"column":3}},{"start":{},"end":{}}]},"2":{"loc":{"start":{"line":126,"column":50},"end":{"line":126,"column":69}},"type":"binary-expr","locations":[{"start":{"line":126,"column":50},"end":{"line":126,"column":63}},{"start":{"line":126,"column":67},"end":{"line":126,"column":69}}]}},"s":{"0":0,"1":0,"2":0,"3":0,"4":0,"5":0,"6":0,"7":0,"8":0,"9":0,"10":0,"11":0,"12":0,"13":0,"14":0,"15":0,"16":0,"17":0,"18":0,"19":0,"20":0,"21":0,"22":0,"23":0,"24":0,"25":0,"26":0,"27":0,"28":0,"29":0,"30":0,"31":0,"32":0,"33":0,"34":0,"35":0,"36":0,"37":0,"38":0,"39":0,"40":0,"41":0,"42":0,"43":0,"44":0,"45":0,"46":0,"47":0,"48":0,"49":0,"50":0},"f":{"0":0,"1":0,"2":0},"b":{"0":[0,0],"1":[0,0],"2":[0,0]}}
,"/Users/godswilldavid/source/repos/NodeJs/Nexa/apps/api/src/database/database.module.ts": {"path":"/Users/godswilldavid/source/repos/NodeJs/Nexa/apps/api/src/database/database.module.ts","statementMap":{"0":{"start":{"line":1,"column":0},"end":{"line":1,"column":40}},"1":{"start":{"line":2,"column":0},"end":{"line":2,"column":47}},"2":{"start":{"line":3,"column":0},"end":{"line":3,"column":48}},"3":{"start":{"line":4,"column":0},"end":{"line":4,"column":64}},"4":{"start":{"line":5,"column":0},"end":{"line":5,"column":39}},"5":{"start":{"line":32,"column":7},"end":{"line":32,"column":null}},"6":{"start":{"line":32,"column":13},"end":{"line":32,"column":27}},"7":{"start":{"line":32,"column":13},"end":{"line":32,"column":null}},"8":{"start":{"line":12,"column":23},"end":{"line":12,"column":67}},"9":{"start":{"line":14,"column":10},"end":{"line":15,"column":38}},"10":{"start":{"line":17,"column":20},"end":{"line":17,"column":94}},"11":{"start":{"line":18,"column":8},"end":{"line":27,"column":10}}},"fnMap":{"0":{"name":"(anonymous_10)","decl":{"start":{"line":11,"column":18},"end":{"line":11,"column":19}},"loc":{"start":{"line":11,"column":44},"end":{"line":28,"column":7}}}},"branchMap":{"0":{"loc":{"start":{"line":14,"column":10},"end":{"line":15,"column":38}},"type":"binary-expr","locations":[{"start":{"line":14,"column":10},"end":{"line":14,"column":86}},{"start":{"line":15,"column":10},"end":{"line":15,"column":38}}]},"1":{"loc":{"start":{"line":21,"column":15},"end":{"line":21,"column":70}},"type":"cond-expr","locations":[{"start":{"line":21,"column":29},"end":{"line":21,"column":58}},{"start":{"line":21,"column":61},"end":{"line":21,"column":70}}]}},"s":{"0":0,"1":0,"2":0,"3":0,"4":0,"5":0,"6":0,"7":0,"8":0,"9":0,"10":0,"11":0},"f":{"0":0},"b":{"0":[0,0],"1":[0,0]}}
,"/Users/godswilldavid/source/repos/NodeJs/Nexa/apps/api/src/database/entities/audit.entity.ts": {"path":"/Users/godswilldavid/source/repos/NodeJs/Nexa/apps/api/src/database/entities/audit.entity.ts","statementMap":{"0":{"start":{"line":1,"column":0},"end":{"line":1,"column":69}},"1":{"start":{"line":3,"column":0},"end":{"line":3,"column":22}},"2":{"start":{"line":5,"column":2},"end":{"line":5,"column":null}},"3":{"start":{"line":8,"column":2},"end":{"line":8,"column":null}},"4":{"start":{"line":11,"column":2},"end":{"line":11,"column":null}},"5":{"start":{"line":14,"column":2},"end":{"line":14,"column":null}},"6":{"start":{"line":17,"column":2},"end":{"line":17,"column":null}},"7":{"start":{"line":20,"column":2},"end":{"line":20,"column":null}}},"fnMap":{},"branchMap":{"0":{"loc":{"start":{"line":5,"column":13},"end":{"line":5,"column":18}},"type":"cond-expr","locations":[{"start":{"line":5,"column":17},"end":{"line":5,"column":18}},{"start":{"line":5,"column":17},"end":{"line":5,"column":18}}]},"1":{"loc":{"start":{"line":5,"column":13},"end":{"line":5,"column":17}},"type":"binary-expr","locations":[{"start":{"line":5,"column":13},"end":{"line":5,"column":18}},{"start":{"line":5,"column":13},"end":{"line":5,"column":17}}]}},"s":{"0":1,"1":1,"2":1,"3":1,"4":1,"5":1,"6":1,"7":1},"f":{},"b":{"0":[1,0],"1":[1,1]}}
,"/Users/godswilldavid/source/repos/NodeJs/Nexa/apps/api/src/database/entities/booking.entity.ts": {"path":"/Users/godswilldavid/source/repos/NodeJs/Nexa/apps/api/src/database/entities/booking.entity.ts","statementMap":{"0":{"start":{"line":1,"column":0},"end":{"line":1,"column":58}},"1":{"start":{"line":2,"column":0},"end":{"line":2,"column":null}},"2":{"start":{"line":11,"column":0},"end":{"line":11,"column":45}},"3":{"start":{"line":12,"column":0},"end":{"line":12,"column":46}},"4":{"start":{"line":13,"column":0},"end":{"line":13,"column":43}},"5":{"start":{"line":14,"column":0},"end":{"line":14,"column":41}},"6":{"start":{"line":15,"column":0},"end":{"line":15,"column":37}},"7":{"start":{"line":16,"column":0},"end":{"line":16,"column":43}},"8":{"start":{"line":19,"column":7},"end":{"line":73,"column":null}},"9":{"start":{"line":19,"column":13},"end":{"line":19,"column":20}},"10":{"start":{"line":21,"column":2},"end":{"line":21,"column":null}},"11":{"start":{"line":20,"column":68},"end":{"line":20,"column":78}},"12":{"start":{"line":24,"column":2},"end":{"line":24,"column":null}},"13":{"start":{"line":28,"column":2},"end":{"line":28,"column":null}},"14":{"start":{"line":26,"column":19},"end":{"line":26,"column":23}},"15":{"start":{"line":26,"column":32},"end":{"line":26,"column":42}},"16":{"start":{"line":31,"column":2},"end":{"line":31,"column":null}},"17":{"start":{"line":35,"column":2},"end":{"line":35,"column":null}},"18":{"start":{"line":33,"column":19},"end":{"line":33,"column":26}},"19":{"start":{"line":33,"column":35},"end":{"line":33,"column":45}},"20":{"start":{"line":38,"column":2},"end":{"line":38,"column":null}},"21":{"start":{"line":42,"column":2},"end":{"line":42,"column":null}},"22":{"start":{"line":40,"column":19},"end":{"line":40,"column":23}},"23":{"start":{"line":45,"column":2},"end":{"line":45,"column":null}},"24":{"start":{"line":48,"column":2},"end":{"line":48,"column":null}},"25":{"start":{"line":51,"column":2},"end":{"line":51,"column":null}},"26":{"start":{"line":54,"column":2},"end":{"line":54,"column":null}},"27":{"start":{"line":57,"column":2},"end":{"line":57,"column":null}},"28":{"start":{"line":60,"column":2},"end":{"line":60,"column":null}},"29":{"start":{"line":63,"column":2},"end":{"line":63,"column":null}},"30":{"start":{"line":66,"column":2},"end":{"line":66,"column":null}},"31":{"start":{"line":65,"column":18},"end":{"line":65,"column":25}},"32":{"start":{"line":65,"column":34},"end":{"line":65,"column":43}},"33":{"start":{"line":69,"column":2},"end":{"line":69,"column":null}},"34":{"start":{"line":68,"column":19},"end":{"line":68,"column":27}},"35":{"start":{"line":68,"column":36},"end":{"line":68,"column":45}},"36":{"start":{"line":72,"column":2},"end":{"line":72,"column":null}},"37":{"start":{"line":71,"column":18},"end":{"line":71,"column":24}},"38":{"start":{"line":71,"column":33},"end":{"line":71,"column":42}},"39":{"start":{"line":19,"column":13},"end":{"line":73,"column":null}}},"fnMap":{"0":{"name":"(anonymous_2)","decl":{"start":{"line":20,"column":62},"end":{"line":20,"column":65}},"loc":{"start":{"line":20,"column":68},"end":{"line":20,"column":78}}},"1":{"name":"(anonymous_3)","decl":{"start":{"line":26,"column":13},"end":{"line":26,"column":16}},"loc":{"start":{"line":26,"column":19},"end":{"line":26,"column":23}}},"2":{"name":"(anonymous_4)","decl":{"start":{"line":26,"column":25},"end":{"line":26,"column":26}},"loc":{"start":{"line":26,"column":32},"end":{"line":26,"column":42}}},"3":{"name":"(anonymous_5)","decl":{"start":{"line":33,"column":13},"end":{"line":33,"column":16}},"loc":{"start":{"line":33,"column":19},"end":{"line":33,"column":26}}},"4":{"name":"(anonymous_6)","decl":{"start":{"line":33,"column":28},"end":{"line":33,"column":29}},"loc":{"start":{"line":33,"column":35},"end":{"line":33,"column":45}}},"5":{"name":"(anonymous_7)","decl":{"start":{"line":40,"column":13},"end":{"line":40,"column":16}},"loc":{"start":{"line":40,"column":19},"end":{"line":40,"column":23}}},"6":{"name":"(anonymous_8)","decl":{"start":{"line":65,"column":12},"end":{"line":65,"column":15}},"loc":{"start":{"line":65,"column":18},"end":{"line":65,"column":25}}},"7":{"name":"(anonymous_9)","decl":{"start":{"line":65,"column":27},"end":{"line":65,"column":28}},"loc":{"start":{"line":65,"column":34},"end":{"line":65,"column":43}}},"8":{"name":"(anonymous_10)","decl":{"start":{"line":68,"column":13},"end":{"line":68,"column":16}},"loc":{"start":{"line":68,"column":19},"end":{"line":68,"column":27}}},"9":{"name":"(anonymous_11)","decl":{"start":{"line":68,"column":29},"end":{"line":68,"column":30}},"loc":{"start":{"line":68,"column":36},"end":{"line":68,"column":45}}},"10":{"name":"(anonymous_12)","decl":{"start":{"line":71,"column":12},"end":{"line":71,"column":15}},"loc":{"start":{"line":71,"column":18},"end":{"line":71,"column":24}}},"11":{"name":"(anonymous_13)","decl":{"start":{"line":71,"column":26},"end":{"line":71,"column":27}},"loc":{"start":{"line":71,"column":33},"end":{"line":71,"column":42}}}},"branchMap":{"0":{"loc":{"start":{"line":28,"column":12},"end":{"line":28,"column":17}},"type":"cond-expr","locations":[{"start":{"line":28,"column":16},"end":{"line":28,"column":17}},{"start":{"line":28,"column":16},"end":{"line":28,"column":17}}]},"1":{"loc":{"start":{"line":28,"column":12},"end":{"line":28,"column":16}},"type":"binary-expr","locations":[{"start":{"line":28,"column":12},"end":{"line":28,"column":17}},{"start":{"line":28,"column":12},"end":{"line":28,"column":16}}]},"2":{"loc":{"start":{"line":35,"column":11},"end":{"line":35,"column":19}},"type":"cond-expr","locations":[{"start":{"line":35,"column":18},"end":{"line":35,"column":19}},{"start":{"line":35,"column":18},"end":{"line":35,"column":19}}]},"3":{"loc":{"start":{"line":35,"column":11},"end":{"line":35,"column":18}},"type":"binary-expr","locations":[{"start":{"line":35,"column":11},"end":{"line":35,"column":19}},{"start":{"line":35,"column":11},"end":{"line":35,"column":18}}]},"4":{"loc":{"start":{"line":45,"column":15},"end":{"line":45,"column":27}},"type":"cond-expr","locations":[{"start":{"line":45,"column":26},"end":{"line":45,"column":27}},{"start":{"line":45,"column":26},"end":{"line":45,"column":27}}]},"5":{"loc":{"start":{"line":45,"column":15},"end":{"line":45,"column":26}},"type":"binary-expr","locations":[{"start":{"line":45,"column":15},"end":{"line":45,"column":27}},{"start":{"line":45,"column":15},"end":{"line":45,"column":26}}]},"6":{"loc":{"start":{"line":48,"column":15},"end":{"line":48,"column":20}},"type":"cond-expr","locations":[{"start":{"line":48,"column":19},"end":{"line":48,"column":20}},{"start":{"line":48,"column":19},"end":{"line":48,"column":20}}]},"7":{"loc":{"start":{"line":48,"column":15},"end":{"line":48,"column":19}},"type":"binary-expr","locations":[{"start":{"line":48,"column":15},"end":{"line":48,"column":20}},{"start":{"line":48,"column":15},"end":{"line":48,"column":19}}]},"8":{"loc":{"start":{"line":63,"column":10},"end":{"line":63,"column":24}},"type":"cond-expr","locations":[{"start":{"line":63,"column":23},"end":{"line":63,"column":24}},{"start":{"line":63,"column":23},"end":{"line":63,"column":24}}]},"9":{"loc":{"start":{"line":63,"column":10},"end":{"line":63,"column":23}},"type":"binary-expr","locations":[{"start":{"line":63,"column":10},"end":{"line":63,"column":24}},{"start":{"line":63,"column":10},"end":{"line":63,"column":23}}]}},"s":{"0":1,"1":1,"2":1,"3":1,"4":1,"5":1,"6":1,"7":1,"8":1,"9":1,"10":1,"11":0,"12":1,"13":1,"14":0,"15":0,"16":1,"17":1,"18":0,"19":0,"20":1,"21":1,"22":0,"23":1,"24":1,"25":1,"26":1,"27":1,"28":1,"29":1,"30":1,"31":0,"32":0,"33":1,"34":0,"35":0,"36":1,"37":0,"38":0,"39":1},"f":{"0":0,"1":0,"2":0,"3":0,"4":0,"5":0,"6":0,"7":0,"8":0,"9":0,"10":0,"11":0},"b":{"0":[0,1],"1":[1,0],"2":[1,0],"3":[1,1],"4":[0,1],"5":[1,1],"6":[1,0],"7":[1,1],"8":[0,1],"9":[1,1]}}
,"/Users/godswilldavid/source/repos/NodeJs/Nexa/apps/api/src/database/entities/index.ts": {"path":"/Users/godswilldavid/source/repos/NodeJs/Nexa/apps/api/src/database/entities/index.ts","statementMap":{"0":{"start":{"line":1,"column":0},"end":{"line":1,"column":9}},"1":{"start":{"line":1,"column":9},"end":{"line":1,"column":45}},"2":{"start":{"line":2,"column":0},"end":{"line":2,"column":9}},"3":{"start":{"line":2,"column":9},"end":{"line":2,"column":37}},"4":{"start":{"line":3,"column":0},"end":{"line":3,"column":9}},"5":{"start":{"line":3,"column":9},"end":{"line":3,"column":43}},"6":{"start":{"line":4,"column":0},"end":{"line":4,"column":9}},"7":{"start":{"line":4,"column":9},"end":{"line":4,"column":43}},"8":{"start":{"line":5,"column":0},"end":{"line":5,"column":9}},"9":{"start":{"line":5,"column":9},"end":{"line":5,"column":43}},"10":{"start":{"line":6,"column":0},"end":{"line":6,"column":9}},"11":{"start":{"line":6,"column":9},"end":{"line":6,"column":46}},"12":{"start":{"line":7,"column":0},"end":{"line":7,"column":9}},"13":{"start":{"line":7,"column":9},"end":{"line":7,"column":41}},"14":{"start":{"line":8,"column":0},"end":{"line":8,"column":9}},"15":{"start":{"line":8,"column":9},"end":{"line":8,"column":44}},"16":{"start":{"line":9,"column":0},"end":{"line":9,"column":9}},"17":{"start":{"line":9,"column":9},"end":{"line":9,"column":54}},"18":{"start":{"line":10,"column":0},"end":{"line":10,"column":9}},"19":{"start":{"line":10,"column":9},"end":{"line":10,"column":37}},"20":{"start":{"line":11,"column":0},"end":{"line":11,"column":9}},"21":{"start":{"line":11,"column":9},"end":{"line":11,"column":58}}},"fnMap":{"0":{"name":"(anonymous_0)","decl":{"start":{"line":1,"column":9},"end":{"line":1,"column":20}},"loc":{"start":{"line":1,"column":9},"end":{"line":1,"column":45}}},"1":{"name":"(anonymous_1)","decl":{"start":{"line":2,"column":9},"end":{"line":2,"column":13}},"loc":{"start":{"line":2,"column":9},"end":{"line":2,"column":37}}},"2":{"name":"(anonymous_2)","decl":{"start":{"line":3,"column":9},"end":{"line":3,"column":16}},"loc":{"start":{"line":3,"column":9},"end":{"line":3,"column":43}}},"3":{"name":"(anonymous_3)","decl":{"start":{"line":4,"column":9},"end":{"line":4,"column":16}},"loc":{"start":{"line":4,"column":9},"end":{"line":4,"column":43}}},"4":{"name":"(anonymous_4)","decl":{"start":{"line":5,"column":9},"end":{"line":5,"column":16}},"loc":{"start":{"line":5,"column":9},"end":{"line":5,"column":43}}},"5":{"name":"(anonymous_5)","decl":{"start":{"line":6,"column":9},"end":{"line":6,"column":17}},"loc":{"start":{"line":6,"column":9},"end":{"line":6,"column":46}}},"6":{"name":"(anonymous_6)","decl":{"start":{"line":7,"column":9},"end":{"line":7,"column":15}},"loc":{"start":{"line":7,"column":9},"end":{"line":7,"column":41}}},"7":{"name":"(anonymous_7)","decl":{"start":{"line":8,"column":9},"end":{"line":8,"column":16}},"loc":{"start":{"line":8,"column":9},"end":{"line":8,"column":44}}},"8":{"name":"(anonymous_8)","decl":{"start":{"line":9,"column":9},"end":{"line":9,"column":21}},"loc":{"start":{"line":9,"column":9},"end":{"line":9,"column":54}}},"9":{"name":"(anonymous_9)","decl":{"start":{"line":10,"column":9},"end":{"line":10,"column":13}},"loc":{"start":{"line":10,"column":9},"end":{"line":10,"column":37}}},"10":{"name":"(anonymous_10)","decl":{"start":{"line":11,"column":9},"end":{"line":11,"column":23}},"loc":{"start":{"line":11,"column":9},"end":{"line":11,"column":58}}}},"branchMap":{},"s":{"0":1,"1":1,"2":1,"3":1,"4":1,"5":2,"6":1,"7":2,"8":1,"9":6,"10":1,"11":1,"12":1,"13":1,"14":1,"15":1,"16":1,"17":1,"18":1,"19":1,"20":1,"21":1},"f":{"0":0,"1":0,"2":1,"3":1,"4":5,"5":0,"6":0,"7":0,"8":0,"9":0,"10":0},"b":{}}
,"/Users/godswilldavid/source/repos/NodeJs/Nexa/apps/api/src/database/entities/job-photo.entity.ts": {"path":"/Users/godswilldavid/source/repos/NodeJs/Nexa/apps/api/src/database/entities/job-photo.entity.ts","statementMap":{"0":{"start":{"line":1,"column":0},"end":{"line":1,"column":41}},"1":{"start":{"line":2,"column":0},"end":{"line":2,"column":null}},"2":{"start":{"line":9,"column":0},"end":{"line":9,"column":45}},"3":{"start":{"line":10,"column":0},"end":{"line":10,"column":43}},"4":{"start":{"line":11,"column":0},"end":{"line":11,"column":37}},"5":{"start":{"line":14,"column":7},"end":{"line":37,"column":null}},"6":{"start":{"line":14,"column":13},"end":{"line":14,"column":21}},"7":{"start":{"line":16,"column":2},"end":{"line":16,"column":null}},"8":{"start":{"line":15,"column":66},"end":{"line":15,"column":76}},"9":{"start":{"line":19,"column":2},"end":{"line":19,"column":null}},"10":{"start":{"line":23,"column":2},"end":{"line":23,"column":null}},"11":{"start":{"line":21,"column":19},"end":{"line":21,"column":26}},"12":{"start":{"line":21,"column":35},"end":{"line":21,"column":43}},"13":{"start":{"line":26,"column":2},"end":{"line":26,"column":null}},"14":{"start":{"line":30,"column":2},"end":{"line":30,"column":null}},"15":{"start":{"line":28,"column":19},"end":{"line":28,"column":23}},"16":{"start":{"line":33,"column":2},"end":{"line":33,"column":null}},"17":{"start":{"line":36,"column":2},"end":{"line":36,"column":null}},"18":{"start":{"line":14,"column":13},"end":{"line":37,"column":null}}},"fnMap":{"0":{"name":"(anonymous_2)","decl":{"start":{"line":15,"column":60},"end":{"line":15,"column":63}},"loc":{"start":{"line":15,"column":66},"end":{"line":15,"column":76}}},"1":{"name":"(anonymous_3)","decl":{"start":{"line":21,"column":13},"end":{"line":21,"column":16}},"loc":{"start":{"line":21,"column":19},"end":{"line":21,"column":26}}},"2":{"name":"(anonymous_4)","decl":{"start":{"line":21,"column":28},"end":{"line":21,"column":29}},"loc":{"start":{"line":21,"column":35},"end":{"line":21,"column":43}}},"3":{"name":"(anonymous_5)","decl":{"start":{"line":28,"column":13},"end":{"line":28,"column":16}},"loc":{"start":{"line":28,"column":19},"end":{"line":28,"column":23}}}},"branchMap":{"0":{"loc":{"start":{"line":23,"column":11},"end":{"line":23,"column":19}},"type":"cond-expr","locations":[{"start":{"line":23,"column":18},"end":{"line":23,"column":19}},{"start":{"line":23,"column":18},"end":{"line":23,"column":19}}]},"1":{"loc":{"start":{"line":23,"column":11},"end":{"line":23,"column":18}},"type":"binary-expr","locations":[{"start":{"line":23,"column":11},"end":{"line":23,"column":19}},{"start":{"line":23,"column":11},"end":{"line":23,"column":18}}]},"2":{"loc":{"start":{"line":30,"column":10},"end":{"line":30,"column":15}},"type":"cond-expr","locations":[{"start":{"line":30,"column":14},"end":{"line":30,"column":15}},{"start":{"line":30,"column":14},"end":{"line":30,"column":15}}]},"3":{"loc":{"start":{"line":30,"column":10},"end":{"line":30,"column":14}},"type":"binary-expr","locations":[{"start":{"line":30,"column":10},"end":{"line":30,"column":15}},{"start":{"line":30,"column":10},"end":{"line":30,"column":14}}]},"4":{"loc":{"start":{"line":33,"column":13},"end":{"line":33,"column":23}},"type":"cond-expr","locations":[{"start":{"line":33,"column":22},"end":{"line":33,"column":23}},{"start":{"line":33,"column":22},"end":{"line":33,"column":23}}]},"5":{"loc":{"start":{"line":33,"column":13},"end":{"line":33,"column":22}},"type":"binary-expr","locations":[{"start":{"line":33,"column":13},"end":{"line":33,"column":23}},{"start":{"line":33,"column":13},"end":{"line":33,"column":22}}]}},"s":{"0":1,"1":1,"2":1,"3":1,"4":1,"5":1,"6":1,"7":1,"8":0,"9":1,"10":1,"11":0,"12":0,"13":1,"14":1,"15":0,"16":1,"17":1,"18":1},"f":{"0":0,"1":0,"2":0,"3":0},"b":{"0":[0,1],"1":[1,0],"2":[0,1],"3":[1,0],"4":[0,1],"5":[1,1]}}
,"/Users/godswilldavid/source/repos/NodeJs/Nexa/apps/api/src/database/entities/otp-code.entity.ts": {"path":"/Users/godswilldavid/source/repos/NodeJs/Nexa/apps/api/src/database/entities/otp-code.entity.ts","statementMap":{"0":{"start":{"line":1,"column":0},"end":{"line":1,"column":63}},"1":{"start":{"line":2,"column":0},"end":{"line":2,"column":45}},"2":{"start":{"line":6,"column":7},"end":{"line":21,"column":null}},"3":{"start":{"line":6,"column":13},"end":{"line":6,"column":20}},"4":{"start":{"line":8,"column":2},"end":{"line":8,"column":null}},"5":{"start":{"line":7,"column":60},"end":{"line":7,"column":70}},"6":{"start":{"line":11,"column":2},"end":{"line":11,"column":null}},"7":{"start":{"line":14,"column":2},"end":{"line":14,"column":null}},"8":{"start":{"line":17,"column":2},"end":{"line":17,"column":null}},"9":{"start":{"line":20,"column":2},"end":{"line":20,"column":null}},"10":{"start":{"line":6,"column":13},"end":{"line":21,"column":null}}},"fnMap":{"0":{"name":"(anonymous_2)","decl":{"start":{"line":7,"column":54},"end":{"line":7,"column":57}},"loc":{"start":{"line":7,"column":60},"end":{"line":7,"column":70}}}},"branchMap":{"0":{"loc":{"start":{"line":17,"column":13},"end":{"line":17,"column":18}},"type":"cond-expr","locations":[{"start":{"line":17,"column":17},"end":{"line":17,"column":18}},{"start":{"line":17,"column":17},"end":{"line":17,"column":18}}]},"1":{"loc":{"start":{"line":17,"column":13},"end":{"line":17,"column":17}},"type":"binary-expr","locations":[{"start":{"line":17,"column":13},"end":{"line":17,"column":18}},{"start":{"line":17,"column":13},"end":{"line":17,"column":17}}]}},"s":{"0":1,"1":1,"2":1,"3":1,"4":1,"5":0,"6":1,"7":1,"8":1,"9":1,"10":1},"f":{"0":0},"b":{"0":[1,0],"1":[1,1]}}
,"/Users/godswilldavid/source/repos/NodeJs/Nexa/apps/api/src/database/entities/payment.entity.ts": {"path":"/Users/godswilldavid/source/repos/NodeJs/Nexa/apps/api/src/database/entities/payment.entity.ts","statementMap":{"0":{"start":{"line":1,"column":0},"end":{"line":1,"column":45}},"1":{"start":{"line":2,"column":0},"end":{"line":2,"column":null}},"2":{"start":{"line":10,"column":0},"end":{"line":10,"column":45}},"3":{"start":{"line":11,"column":0},"end":{"line":11,"column":43}},"4":{"start":{"line":14,"column":7},"end":{"line":43,"column":null}},"5":{"start":{"line":14,"column":13},"end":{"line":14,"column":20}},"6":{"start":{"line":16,"column":2},"end":{"line":16,"column":null}},"7":{"start":{"line":15,"column":68},"end":{"line":15,"column":78}},"8":{"start":{"line":20,"column":2},"end":{"line":20,"column":null}},"9":{"start":{"line":24,"column":2},"end":{"line":24,"column":null}},"10":{"start":{"line":22,"column":18},"end":{"line":22,"column":25}},"11":{"start":{"line":22,"column":34},"end":{"line":22,"column":43}},"12":{"start":{"line":27,"column":2},"end":{"line":27,"column":null}},"13":{"start":{"line":30,"column":2},"end":{"line":30,"column":null}},"14":{"start":{"line":33,"column":2},"end":{"line":33,"column":null}},"15":{"start":{"line":36,"column":2},"end":{"line":36,"column":null}},"16":{"start":{"line":39,"column":2},"end":{"line":39,"column":null}},"17":{"start":{"line":42,"column":2},"end":{"line":42,"column":null}},"18":{"start":{"line":14,"column":13},"end":{"line":43,"column":null}}},"fnMap":{"0":{"name":"(anonymous_2)","decl":{"start":{"line":15,"column":62},"end":{"line":15,"column":65}},"loc":{"start":{"line":15,"column":68},"end":{"line":15,"column":78}}},"1":{"name":"(anonymous_3)","decl":{"start":{"line":22,"column":12},"end":{"line":22,"column":15}},"loc":{"start":{"line":22,"column":18},"end":{"line":22,"column":25}}},"2":{"name":"(anonymous_4)","decl":{"start":{"line":22,"column":27},"end":{"line":22,"column":28}},"loc":{"start":{"line":22,"column":34},"end":{"line":22,"column":43}}}},"branchMap":{"0":{"loc":{"start":{"line":24,"column":11},"end":{"line":24,"column":19}},"type":"cond-expr","locations":[{"start":{"line":24,"column":18},"end":{"line":24,"column":19}},{"start":{"line":24,"column":18},"end":{"line":24,"column":19}}]},"1":{"loc":{"start":{"line":24,"column":11},"end":{"line":24,"column":18}},"type":"binary-expr","locations":[{"start":{"line":24,"column":11},"end":{"line":24,"column":19}},{"start":{"line":24,"column":11},"end":{"line":24,"column":18}}]},"2":{"loc":{"start":{"line":39,"column":10},"end":{"line":39,"column":24}},"type":"cond-expr","locations":[{"start":{"line":39,"column":23},"end":{"line":39,"column":24}},{"start":{"line":39,"column":23},"end":{"line":39,"column":24}}]},"3":{"loc":{"start":{"line":39,"column":10},"end":{"line":39,"column":23}},"type":"binary-expr","locations":[{"start":{"line":39,"column":10},"end":{"line":39,"column":24}},{"start":{"line":39,"column":10},"end":{"line":39,"column":23}}]}},"s":{"0":1,"1":1,"2":1,"3":1,"4":1,"5":1,"6":1,"7":0,"8":1,"9":1,"10":0,"11":0,"12":1,"13":1,"14":1,"15":1,"16":1,"17":1,"18":1},"f":{"0":0,"1":0,"2":0},"b":{"0":[0,1],"1":[1,0],"2":[0,1],"3":[1,1]}}
,"/Users/godswilldavid/source/repos/NodeJs/Nexa/apps/api/src/database/entities/refresh-token.entity.ts": {"path":"/Users/godswilldavid/source/repos/NodeJs/Nexa/apps/api/src/database/entities/refresh-token.entity.ts","statementMap":{"0":{"start":{"line":1,"column":0},"end":{"line":1,"column":null}},"1":{"start":{"line":9,"column":0},"end":{"line":9,"column":45}},"2":{"start":{"line":10,"column":0},"end":{"line":10,"column":37}},"3":{"start":{"line":14,"column":7},"end":{"line":34,"column":null}},"4":{"start":{"line":14,"column":13},"end":{"line":14,"column":25}},"5":{"start":{"line":16,"column":2},"end":{"line":16,"column":null}},"6":{"start":{"line":15,"column":60},"end":{"line":15,"column":70}},"7":{"start":{"line":19,"column":2},"end":{"line":19,"column":null}},"8":{"start":{"line":23,"column":2},"end":{"line":23,"column":null}},"9":{"start":{"line":21,"column":19},"end":{"line":21,"column":23}},"10":{"start":{"line":27,"column":2},"end":{"line":27,"column":null}},"11":{"start":{"line":30,"column":2},"end":{"line":30,"column":null}},"12":{"start":{"line":33,"column":2},"end":{"line":33,"column":null}},"13":{"start":{"line":14,"column":13},"end":{"line":34,"column":null}}},"fnMap":{"0":{"name":"(anonymous_2)","decl":{"start":{"line":15,"column":54},"end":{"line":15,"column":57}},"loc":{"start":{"line":15,"column":60},"end":{"line":15,"column":70}}},"1":{"name":"(anonymous_3)","decl":{"start":{"line":21,"column":13},"end":{"line":21,"column":16}},"loc":{"start":{"line":21,"column":19},"end":{"line":21,"column":23}}}},"branchMap":{"0":{"loc":{"start":{"line":23,"column":8},"end":{"line":23,"column":13}},"type":"cond-expr","locations":[{"start":{"line":23,"column":12},"end":{"line":23,"column":13}},{"start":{"line":23,"column":12},"end":{"line":23,"column":13}}]},"1":{"loc":{"start":{"line":23,"column":8},"end":{"line":23,"column":12}},"type":"binary-expr","locations":[{"start":{"line":23,"column":8},"end":{"line":23,"column":13}},{"start":{"line":23,"column":8},"end":{"line":23,"column":12}}]},"2":{"loc":{"start":{"line":30,"column":13},"end":{"line":30,"column":18}},"type":"cond-expr","locations":[{"start":{"line":30,"column":17},"end":{"line":30,"column":18}},{"start":{"line":30,"column":17},"end":{"line":30,"column":18}}]},"3":{"loc":{"start":{"line":30,"column":13},"end":{"line":30,"column":17}},"type":"binary-expr","locations":[{"start":{"line":30,"column":13},"end":{"line":30,"column":18}},{"start":{"line":30,"column":13},"end":{"line":30,"column":17}}]}},"s":{"0":1,"1":1,"2":1,"3":1,"4":1,"5":1,"6":0,"7":1,"8":1,"9":0,"10":1,"11":1,"12":1,"13":1},"f":{"0":0,"1":0},"b":{"0":[1,0],"1":[1,1],"2":[1,0],"3":[1,1]}}
,"/Users/godswilldavid/source/repos/NodeJs/Nexa/apps/api/src/database/entities/review.entity.ts": {"path":"/Users/godswilldavid/source/repos/NodeJs/Nexa/apps/api/src/database/entities/review.entity.ts","statementMap":{"0":{"start":{"line":1,"column":0},"end":{"line":1,"column":null}},"1":{"start":{"line":11,"column":0},"end":{"line":11,"column":45}},"2":{"start":{"line":12,"column":0},"end":{"line":12,"column":43}},"3":{"start":{"line":13,"column":0},"end":{"line":13,"column":37}},"4":{"start":{"line":17,"column":7},"end":{"line":48,"column":null}},"5":{"start":{"line":17,"column":13},"end":{"line":17,"column":19}},"6":{"start":{"line":19,"column":2},"end":{"line":19,"column":null}},"7":{"start":{"line":18,"column":67},"end":{"line":18,"column":77}},"8":{"start":{"line":23,"column":2},"end":{"line":23,"column":null}},"9":{"start":{"line":27,"column":2},"end":{"line":27,"column":null}},"10":{"start":{"line":25,"column":18},"end":{"line":25,"column":25}},"11":{"start":{"line":25,"column":34},"end":{"line":25,"column":42}},"12":{"start":{"line":30,"column":2},"end":{"line":30,"column":null}},"13":{"start":{"line":34,"column":2},"end":{"line":34,"column":null}},"14":{"start":{"line":32,"column":19},"end":{"line":32,"column":23}},"15":{"start":{"line":37,"column":2},"end":{"line":37,"column":null}},"16":{"start":{"line":41,"column":2},"end":{"line":41,"column":null}},"17":{"start":{"line":39,"column":19},"end":{"line":39,"column":23}},"18":{"start":{"line":44,"column":2},"end":{"line":44,"column":null}},"19":{"start":{"line":47,"column":2},"end":{"line":47,"column":null}},"20":{"start":{"line":17,"column":13},"end":{"line":48,"column":null}}},"fnMap":{"0":{"name":"(anonymous_2)","decl":{"start":{"line":18,"column":61},"end":{"line":18,"column":64}},"loc":{"start":{"line":18,"column":67},"end":{"line":18,"column":77}}},"1":{"name":"(anonymous_3)","decl":{"start":{"line":25,"column":12},"end":{"line":25,"column":15}},"loc":{"start":{"line":25,"column":18},"end":{"line":25,"column":25}}},"2":{"name":"(anonymous_4)","decl":{"start":{"line":25,"column":27},"end":{"line":25,"column":28}},"loc":{"start":{"line":25,"column":34},"end":{"line":25,"column":42}}},"3":{"name":"(anonymous_5)","decl":{"start":{"line":32,"column":13},"end":{"line":32,"column":16}},"loc":{"start":{"line":32,"column":19},"end":{"line":32,"column":23}}},"4":{"name":"(anonymous_6)","decl":{"start":{"line":39,"column":13},"end":{"line":39,"column":16}},"loc":{"start":{"line":39,"column":19},"end":{"line":39,"column":23}}}},"branchMap":{"0":{"loc":{"start":{"line":27,"column":11},"end":{"line":27,"column":19}},"type":"cond-expr","locations":[{"start":{"line":27,"column":18},"end":{"line":27,"column":19}},{"start":{"line":27,"column":18},"end":{"line":27,"column":19}}]},"1":{"loc":{"start":{"line":27,"column":11},"end":{"line":27,"column":18}},"type":"binary-expr","locations":[{"start":{"line":27,"column":11},"end":{"line":27,"column":19}},{"start":{"line":27,"column":11},"end":{"line":27,"column":18}}]},"2":{"loc":{"start":{"line":34,"column":12},"end":{"line":34,"column":17}},"type":"cond-expr","locations":[{"start":{"line":34,"column":16},"end":{"line":34,"column":17}},{"start":{"line":34,"column":16},"end":{"line":34,"column":17}}]},"3":{"loc":{"start":{"line":34,"column":12},"end":{"line":34,"column":16}},"type":"binary-expr","locations":[{"start":{"line":34,"column":12},"end":{"line":34,"column":17}},{"start":{"line":34,"column":12},"end":{"line":34,"column":16}}]},"4":{"loc":{"start":{"line":41,"column":10},"end":{"line":41,"column":15}},"type":"cond-expr","locations":[{"start":{"line":41,"column":14},"end":{"line":41,"column":15}},{"start":{"line":41,"column":14},"end":{"line":41,"column":15}}]},"5":{"loc":{"start":{"line":41,"column":10},"end":{"line":41,"column":14}},"type":"binary-expr","locations":[{"start":{"line":41,"column":10},"end":{"line":41,"column":15}},{"start":{"line":41,"column":10},"end":{"line":41,"column":14}}]}},"s":{"0":1,"1":1,"2":1,"3":1,"4":1,"5":1,"6":1,"7":0,"8":1,"9":1,"10":0,"11":0,"12":1,"13":1,"14":0,"15":1,"16":1,"17":0,"18":1,"19":1,"20":1},"f":{"0":0,"1":0,"2":0,"3":0,"4":0},"b":{"0":[0,1],"1":[1,0],"2":[0,1],"3":[1,0],"4":[0,1],"5":[1,0]}}
,"/Users/godswilldavid/source/repos/NodeJs/Nexa/apps/api/src/database/entities/role-permission.entity.ts": {"path":"/Users/godswilldavid/source/repos/NodeJs/Nexa/apps/api/src/database/entities/role-permission.entity.ts","statementMap":{"0":{"start":{"line":1,"column":0},"end":{"line":1,"column":null}},"1":{"start":{"line":9,"column":0},"end":{"line":9,"column":45}},"2":{"start":{"line":10,"column":0},"end":{"line":10,"column":37}},"3":{"start":{"line":18,"column":7},"end":{"line":32,"column":null}},"4":{"start":{"line":18,"column":13},"end":{"line":18,"column":27}},"5":{"start":{"line":20,"column":2},"end":{"line":20,"column":null}},"6":{"start":{"line":19,"column":76},"end":{"line":19,"column":86}},"7":{"start":{"line":23,"column":2},"end":{"line":23,"column":null}},"8":{"start":{"line":27,"column":2},"end":{"line":27,"column":null}},"9":{"start":{"line":25,"column":19},"end":{"line":25,"column":23}},"10":{"start":{"line":25,"column":32},"end":{"line":25,"column":49}},"11":{"start":{"line":31,"column":2},"end":{"line":31,"column":null}},"12":{"start":{"line":18,"column":13},"end":{"line":32,"column":null}}},"fnMap":{"0":{"name":"(anonymous_2)","decl":{"start":{"line":19,"column":70},"end":{"line":19,"column":73}},"loc":{"start":{"line":19,"column":76},"end":{"line":19,"column":86}}},"1":{"name":"(anonymous_3)","decl":{"start":{"line":25,"column":13},"end":{"line":25,"column":16}},"loc":{"start":{"line":25,"column":19},"end":{"line":25,"column":23}}},"2":{"name":"(anonymous_4)","decl":{"start":{"line":25,"column":25},"end":{"line":25,"column":26}},"loc":{"start":{"line":25,"column":32},"end":{"line":25,"column":49}}}},"branchMap":{"0":{"loc":{"start":{"line":27,"column":8},"end":{"line":27,"column":13}},"type":"cond-expr","locations":[{"start":{"line":27,"column":12},"end":{"line":27,"column":13}},{"start":{"line":27,"column":12},"end":{"line":27,"column":13}}]},"1":{"loc":{"start":{"line":27,"column":8},"end":{"line":27,"column":12}},"type":"binary-expr","locations":[{"start":{"line":27,"column":8},"end":{"line":27,"column":13}},{"start":{"line":27,"column":8},"end":{"line":27,"column":12}}]}},"s":{"0":1,"1":1,"2":1,"3":1,"4":1,"5":1,"6":0,"7":1,"8":1,"9":0,"10":0,"11":1,"12":1},"f":{"0":0,"1":0,"2":0},"b":{"0":[0,1],"1":[1,0]}}
,"/Users/godswilldavid/source/repos/NodeJs/Nexa/apps/api/src/database/entities/role.entity.ts": {"path":"/Users/godswilldavid/source/repos/NodeJs/Nexa/apps/api/src/database/entities/role.entity.ts","statementMap":{"0":{"start":{"line":1,"column":0},"end":{"line":1,"column":null}},"1":{"start":{"line":8,"column":0},"end":{"line":8,"column":45}},"2":{"start":{"line":9,"column":0},"end":{"line":9,"column":58}},"3":{"start":{"line":10,"column":0},"end":{"line":10,"column":37}},"4":{"start":{"line":13,"column":7},"end":{"line":34,"column":null}},"5":{"start":{"line":13,"column":13},"end":{"line":13,"column":17}},"6":{"start":{"line":15,"column":2},"end":{"line":15,"column":null}},"7":{"start":{"line":14,"column":65},"end":{"line":14,"column":75}},"8":{"start":{"line":20,"column":2},"end":{"line":20,"column":null}},"9":{"start":{"line":23,"column":2},"end":{"line":23,"column":null}},"10":{"start":{"line":27,"column":2},"end":{"line":27,"column":null}},"11":{"start":{"line":30,"column":2},"end":{"line":30,"column":null}},"12":{"start":{"line":29,"column":19},"end":{"line":29,"column":33}},"13":{"start":{"line":29,"column":43},"end":{"line":29,"column":50}},"14":{"start":{"line":33,"column":2},"end":{"line":33,"column":null}},"15":{"start":{"line":32,"column":19},"end":{"line":32,"column":23}},"16":{"start":{"line":32,"column":32},"end":{"line":32,"column":38}},"17":{"start":{"line":13,"column":13},"end":{"line":34,"column":null}}},"fnMap":{"0":{"name":"(anonymous_2)","decl":{"start":{"line":14,"column":59},"end":{"line":14,"column":62}},"loc":{"start":{"line":14,"column":65},"end":{"line":14,"column":75}}},"1":{"name":"(anonymous_3)","decl":{"start":{"line":29,"column":13},"end":{"line":29,"column":16}},"loc":{"start":{"line":29,"column":19},"end":{"line":29,"column":33}}},"2":{"name":"(anonymous_4)","decl":{"start":{"line":29,"column":35},"end":{"line":29,"column":36}},"loc":{"start":{"line":29,"column":43},"end":{"line":29,"column":50}}},"3":{"name":"(anonymous_5)","decl":{"start":{"line":32,"column":13},"end":{"line":32,"column":16}},"loc":{"start":{"line":32,"column":19},"end":{"line":32,"column":23}}},"4":{"name":"(anonymous_6)","decl":{"start":{"line":32,"column":25},"end":{"line":32,"column":26}},"loc":{"start":{"line":32,"column":32},"end":{"line":32,"column":38}}}},"branchMap":{},"s":{"0":1,"1":1,"2":1,"3":1,"4":1,"5":1,"6":1,"7":0,"8":1,"9":1,"10":1,"11":1,"12":0,"13":0,"14":1,"15":0,"16":0,"17":1},"f":{"0":0,"1":0,"2":0,"3":0,"4":0},"b":{}}
,"/Users/godswilldavid/source/repos/NodeJs/Nexa/apps/api/src/database/entities/user.entity.ts": {"path":"/Users/godswilldavid/source/repos/NodeJs/Nexa/apps/api/src/database/entities/user.entity.ts","statementMap":{"0":{"start":{"line":1,"column":0},"end":{"line":1,"column":null}},"1":{"start":{"line":10,"column":0},"end":{"line":10,"column":45}},"2":{"start":{"line":11,"column":0},"end":{"line":11,"column":43}},"3":{"start":{"line":12,"column":0},"end":{"line":12,"column":37}},"4":{"start":{"line":13,"column":0},"end":{"line":13,"column":43}},"5":{"start":{"line":16,"column":7},"end":{"line":55,"column":null}},"6":{"start":{"line":16,"column":13},"end":{"line":16,"column":17}},"7":{"start":{"line":18,"column":2},"end":{"line":18,"column":null}},"8":{"start":{"line":17,"column":65},"end":{"line":17,"column":75}},"9":{"start":{"line":21,"column":2},"end":{"line":21,"column":null}},"10":{"start":{"line":24,"column":2},"end":{"line":24,"column":null}},"11":{"start":{"line":28,"column":2},"end":{"line":28,"column":null}},"12":{"start":{"line":32,"column":2},"end":{"line":32,"column":null}},"13":{"start":{"line":35,"column":2},"end":{"line":35,"column":null}},"14":{"start":{"line":38,"column":2},"end":{"line":38,"column":null}},"15":{"start":{"line":42,"column":2},"end":{"line":42,"column":null}},"16":{"start":{"line":40,"column":19},"end":{"line":40,"column":23}},"17":{"start":{"line":40,"column":32},"end":{"line":40,"column":39}},"18":{"start":{"line":45,"column":2},"end":{"line":45,"column":null}},"19":{"start":{"line":48,"column":2},"end":{"line":48,"column":null}},"20":{"start":{"line":51,"column":2},"end":{"line":51,"column":null}},"21":{"start":{"line":50,"column":19},"end":{"line":50,"column":26}},"22":{"start":{"line":50,"column":35},"end":{"line":50,"column":42}},"23":{"start":{"line":54,"column":2},"end":{"line":54,"column":null}},"24":{"start":{"line":53,"column":19},"end":{"line":53,"column":26}},"25":{"start":{"line":53,"column":35},"end":{"line":53,"column":45}},"26":{"start":{"line":16,"column":13},"end":{"line":55,"column":null}}},"fnMap":{"0":{"name":"(anonymous_2)","decl":{"start":{"line":17,"column":59},"end":{"line":17,"column":62}},"loc":{"start":{"line":17,"column":65},"end":{"line":17,"column":75}}},"1":{"name":"(anonymous_3)","decl":{"start":{"line":40,"column":13},"end":{"line":40,"column":16}},"loc":{"start":{"line":40,"column":19},"end":{"line":40,"column":23}}},"2":{"name":"(anonymous_4)","decl":{"start":{"line":40,"column":25},"end":{"line":40,"column":26}},"loc":{"start":{"line":40,"column":32},"end":{"line":40,"column":39}}},"3":{"name":"(anonymous_5)","decl":{"start":{"line":50,"column":13},"end":{"line":50,"column":16}},"loc":{"start":{"line":50,"column":19},"end":{"line":50,"column":26}}},"4":{"name":"(anonymous_6)","decl":{"start":{"line":50,"column":28},"end":{"line":50,"column":29}},"loc":{"start":{"line":50,"column":35},"end":{"line":50,"column":42}}},"5":{"name":"(anonymous_7)","decl":{"start":{"line":53,"column":13},"end":{"line":53,"column":16}},"loc":{"start":{"line":53,"column":19},"end":{"line":53,"column":26}}},"6":{"name":"(anonymous_8)","decl":{"start":{"line":53,"column":28},"end":{"line":53,"column":29}},"loc":{"start":{"line":53,"column":35},"end":{"line":53,"column":45}}}},"branchMap":{"0":{"loc":{"start":{"line":42,"column":8},"end":{"line":42,"column":13}},"type":"cond-expr","locations":[{"start":{"line":42,"column":12},"end":{"line":42,"column":13}},{"start":{"line":42,"column":12},"end":{"line":42,"column":13}}]},"1":{"loc":{"start":{"line":42,"column":8},"end":{"line":42,"column":12}},"type":"binary-expr","locations":[{"start":{"line":42,"column":8},"end":{"line":42,"column":13}},{"start":{"line":42,"column":8},"end":{"line":42,"column":12}}]}},"s":{"0":1,"1":1,"2":1,"3":1,"4":1,"5":1,"6":1,"7":1,"8":0,"9":1,"10":1,"11":1,"12":1,"13":1,"14":1,"15":1,"16":0,"17":0,"18":1,"19":1,"20":1,"21":0,"22":0,"23":1,"24":0,"25":0,"26":1},"f":{"0":0,"1":0,"2":0,"3":0,"4":0,"5":0,"6":0},"b":{"0":[1,0],"1":[1,1]}}
,"/Users/godswilldavid/source/repos/NodeJs/Nexa/apps/api/src/database/entities/vehicle.entity.ts": {"path":"/Users/godswilldavid/source/repos/NodeJs/Nexa/apps/api/src/database/entities/vehicle.entity.ts","statementMap":{"0":{"start":{"line":1,"column":0},"end":{"line":1,"column":43}},"1":{"start":{"line":2,"column":0},"end":{"line":2,"column":null}},"2":{"start":{"line":10,"column":0},"end":{"line":10,"column":45}},"3":{"start":{"line":11,"column":0},"end":{"line":11,"column":43}},"4":{"start":{"line":12,"column":0},"end":{"line":12,"column":37}},"5":{"start":{"line":15,"column":7},"end":{"line":43,"column":null}},"6":{"start":{"line":15,"column":13},"end":{"line":15,"column":20}},"7":{"start":{"line":17,"column":2},"end":{"line":17,"column":null}},"8":{"start":{"line":16,"column":68},"end":{"line":16,"column":78}},"9":{"start":{"line":20,"column":2},"end":{"line":20,"column":null}},"10":{"start":{"line":24,"column":2},"end":{"line":24,"column":null}},"11":{"start":{"line":22,"column":19},"end":{"line":22,"column":23}},"12":{"start":{"line":22,"column":32},"end":{"line":22,"column":42}},"13":{"start":{"line":27,"column":2},"end":{"line":27,"column":null}},"14":{"start":{"line":30,"column":2},"end":{"line":30,"column":null}},"15":{"start":{"line":33,"column":2},"end":{"line":33,"column":null}},"16":{"start":{"line":36,"column":2},"end":{"line":36,"column":null}},"17":{"start":{"line":39,"column":2},"end":{"line":39,"column":null}},"18":{"start":{"line":42,"column":2},"end":{"line":42,"column":null}},"19":{"start":{"line":41,"column":19},"end":{"line":41,"column":26}},"20":{"start":{"line":41,"column":35},"end":{"line":41,"column":44}},"21":{"start":{"line":15,"column":13},"end":{"line":43,"column":null}}},"fnMap":{"0":{"name":"(anonymous_2)","decl":{"start":{"line":16,"column":62},"end":{"line":16,"column":65}},"loc":{"start":{"line":16,"column":68},"end":{"line":16,"column":78}}},"1":{"name":"(anonymous_3)","decl":{"start":{"line":22,"column":13},"end":{"line":22,"column":16}},"loc":{"start":{"line":22,"column":19},"end":{"line":22,"column":23}}},"2":{"name":"(anonymous_4)","decl":{"start":{"line":22,"column":25},"end":{"line":22,"column":26}},"loc":{"start":{"line":22,"column":32},"end":{"line":22,"column":42}}},"3":{"name":"(anonymous_5)","decl":{"start":{"line":41,"column":13},"end":{"line":41,"column":16}},"loc":{"start":{"line":41,"column":19},"end":{"line":41,"column":26}}},"4":{"name":"(anonymous_6)","decl":{"start":{"line":41,"column":28},"end":{"line":41,"column":29}},"loc":{"start":{"line":41,"column":35},"end":{"line":41,"column":44}}}},"branchMap":{"0":{"loc":{"start":{"line":24,"column":9},"end":{"line":24,"column":14}},"type":"cond-expr","locations":[{"start":{"line":24,"column":13},"end":{"line":24,"column":14}},{"start":{"line":24,"column":13
[...]
,"/Users/godswilldavid/source/repos/NodeJs/Nexa/apps/api/src/modules/users/dto/public-user.dto.ts": {"path":"/Users/godswilldavid/source/repos/NodeJs/Nexa/apps/api/src/modules/users/dto/public-user.dto.ts","statementMap":{"0":{"start":{"line":1,"column":0},"end":{"line":1,"column":46}},"1":{"start":{"line":4,"column":0},"end":{"line":4,"column":13}},"2":{"start":{"line":6,"column":2},"end":{"line":6,"column":null}},"3":{"start":{"line":9,"column":2},"end":{"line":9,"column":null}},"4":{"start":{"line":12,"column":2},"end":{"line":12,"column":null}},"5":{"start":{"line":15,"column":2},"end":{"line":15,"column":null}},"6":{"start":{"line":18,"column":2},"end":{"line":18,"column":null}},"7":{"start":{"line":21,"column":2},"end":{"line":21,"column":null}},"8":{"start":{"line":28,"column":2},"end":{"line":28,"column":null}},"9":{"start":{"line":31,"column":2},"end":{"line":31,"column":null}},"10":{"start":{"line":34,"column":2},"end":{"line":34,"column":null}},"11":{"start":{"line":37,"column":2},"end":{"line":37,"column":null}}},"fnMap":{},"branchMap":{},"s":{"0":0,"1":0,"2":0,"3":0,"4":0,"5":0,"6":0,"7":0,"8":0,"9":0,"10":0,"11":0},"f":{},"b":{}}
,"/Users/godswilldavid/source/repos/NodeJs/Nexa/apps/api/src/modules/users/dto/update-user.dto.ts": {"path":"/Users/godswilldavid/source/repos/NodeJs/Nexa/apps/api/src/modules/users/dto/update-user.dto.ts","statementMap":{"0":{"start":{"line":1,"column":0},"end":{"line":1,"column":46}},"1":{"start":{"line":2,"column":0},"end":{"line":2,"column":63}},"2":{"start":{"line":4,"column":0},"end":{"line":4,"column":13}},"3":{"start":{"line":13,"column":2},"end":{"line":13,"column":null}}},"fnMap":{},"branchMap":{},"s":{"0":0,"1":0,"2":0,"3":0},"f":{},"b":{}}
,"/Users/godswilldavid/source/repos/NodeJs/Nexa/apps/api/src/modules/vehicles/vehicles.controller.ts": {"path":"/Users/godswilldavid/source/repos/NodeJs/Nexa/apps/api/src/modules/vehicles/vehicles.controller.ts","statementMap":{"0":{"start":{"line":1,"column":0},"end":{"line":1,"column":null}},"1":{"start":{"line":14,"column":0},"end":{"line":14,"column":null}},"2":{"start":{"line":23,"column":0},"end":{"line":23,"column":77}},"3":{"start":{"line":25,"column":0},"end":{"line":25,"column":66}},"4":{"start":{"line":26,"column":0},"end":{"line":26,"column":60}},"5":{"start":{"line":27,"column":0},"end":{"line":27,"column":60}},"6":{"start":{"line":28,"column":0},"end":{"line":28,"column":53}},"7":{"start":{"line":34,"column":7},"end":{"line":89,"column":null}},"8":{"start":{"line":35,"column":31},"end":{"line":35,"column":41}},"9":{"start":{"line":44,"column":20},"end":{"line":44,"column":64}},"10":{"start":{"line":45,"column":4},"end":{"line":45,"column":45}},"11":{"start":{"line":52,"column":17},"end":{"line":52,"column":64}},"12":{"start":{"line":53,"column":4},"end":{"line":53,"column":56}},"13":{"start":{"line":53,"column":27},"end":{"line":53,"column":54}},"14":{"start":{"line":63,"column":20},"end":{"line":63,"column":73}},"15":{"start":{"line":64,"column":4},"end":{"line":64,"column":45}},"16":{"start":{"line":75,"column":20},"end":{"line":75,"column":68}},"17":{"start":{"line":76,"column":4},"end":{"line":76,"column":45}},"18":{"start":{"line":87,"column":4},"end":{"line":87,"column":48}},"19":{"start":{"line":34,"column":13},"end":{"line":34,"column":31}},"20":{"start":{"line":40,"column":8},"end":{"line":46,"column":null}},"21":{"start":{"line":51,"column":8},"end":{"line":54,"column":null}},"22":{"start":{"line":59,"column":8},"end":{"line":65,"column":null}},"23":{"start":{"line":70,"column":8},"end":{"line":77,"column":null}},"24":{"start":{"line":83,"column":8},"end":{"line":88,"column":null}},"25":{"start":{"line":34,"column":13},"end":{"line":89,"column":null}}},"fnMap":{"0":{"name":"(anonymous_4)","decl":{"start":{"line":35,"column":2},"end":{"line":35,"column":31}},"loc":{"start":{"line":35,"column":56},"end":{"line":35,"column":60}}},"1":{"name":"(anonymous_5)","decl":{"start":{"line":40,"column":8},"end":{"line":40,"column":14}},"loc":{"start":{"line":42,"column":33},"end":{"line":46,"column":3}}},"2":{"name":"(anonymous_6)","decl":{"start":{"line":51,"column":8},"end":{"line":51,"column":15}},"loc":{"start":{"line":51,"column":54},"end":{"line":54,"column":3}}},"3":{"name":"(anonymous_7)","decl":{"start":{"line":53,"column":20},"end":{"line":53,"column":21}},"loc":{"start":{"line":53,"column":27},"end":{"line":53,"column":54}}},"4":{"name":"(anonymous_8)","decl":{"start":{"line":59,"column":8},"end":{"line":59,"column":15}},"loc":{"start":{"line":61,"column":42},"end":{"line":65,"column":3}}},"5":{"name":"(anonymous_9)","decl":{"start":{"line":70,"column":8},"end":{"line":70,"column":14}},"loc":{"start":{"line":73,"column":33},"end":{"line":77,"column":3}}},"6":{"name":"(anonymous_10)","decl":{"start":{"line":83,"column":8},"end":{"line":83,"column":14}},"loc":{"start":{"line":85,"column":42},"end":{"line":88,"column":3}}}},"branchMap":{"0":{"loc":{"start":{"line":42,"column":17},"end":{"line":42,"column":null}},"type":"cond-expr","locations":[{"start":{"line":42,"column":33},"end":{"line":42,"column":null}},{"start":{"line":42,"column":33},"end":{"line":42,"column":null}}]},"1":{"loc":{"start":{"line":42,"column":17},"end":{"line":42,"column":33}},"type":"binary-expr","locations":[{"start":{"line":42,"column":17},"end":{"line":42,"column":null}},{"start":{"line":42,"column":17},"end":{"line":42,"column":33}}]},"2":{"loc":{"start":{"line":43,"column":5},"end":{"line":43,"column":null}},"type":"cond-expr","locations":[{"start":{"line":43,"column":12},"end":{"line":43,"column":null}},{"start":{"line":43,"column":12},"end":{"line":43,"column":null}}]},"3":{"loc":{"start":{"line":43,"column":5},"end":{"line":43,"column":12}},"type":"binary-expr","locations":[{"start":{"line":43,"column":5},"end":{"line":43,"column":null}},{"start":{"line":43,"column":5},"end":{"line":43,"column":12}}]},"4":{"loc":{"start":{"line":51,"column":57},"end":{"line":51,"column":null}},"type":"cond-expr","locations":[{"start":{"line":51,"column":64},"end":{"line":51,"column":null}},{"start":{"line":51,"column":64},"end":{"line":51,"column":null}}]},"5":{"loc":{"start":{"line":51,"column":57},"end":{"line":51,"column":64}},"type":"binary-expr","locations":[{"start":{"line":51,"column":57},"end":{"line":51,"column":null}},{"start":{"line":51,"column":57},"end":{"line":51,"column":64}}]},"6":{"loc":{"start":{"line":62,"column":5},"end":{"line":62,"column":null}},"type":"cond-expr","locations":[{"start":{"line":62,"column":12},"end":{"line":62,"column":null}},{"start":{"line":62,"column":12},"end":{"line":62,"column":null}}]},"7":{"loc":{"start":{"line":62,"column":5},"end":{"line":62,"column":12}},"type":"binary-expr","locations":[{"start":{"line":62,"column":5},"end":{"line":62,"column":null}},{"start":{"line":62,"column":5},"end":{"line":62,"column":12}}]},"8":{"loc":{"start":{"line":73,"column":17},"end":{"line":73,"column":null}},"type":"cond-expr","locations":[{"start":{"line":73,"column":33},"end":{"line":73,"column":null}},{"start":{"line":73,"column":33},"end":{"line":73,"column":null}}]},"9":{"loc":{"start":{"line":73,"column":17},"end":{"line":73,"column":33}},"type":"binary-expr","locations":[{"start":{"line":73,"column":17},"end":{"line":73,"column":null}},{"start":{"line":73,"column":17},"end":{"line":73,"column":33}}]},"10":{"loc":{"start":{"line":74,"column":5},"end":{"line":74,"column":null}},"type":"cond-expr","locations":[{"start":{"line":74,"column":12},"end":{"line":74,"column":null}},{"start":{"line":74,"column":12},"end":{"line":74,"column":null}}]},"11":{"loc":{"start":{"line":74,"column":5},"end":{"line":74,"column":12}},"type":"binary-expr","locations":[{"start":{"line":74,"column":5},"end":{"line":74,"column":null}},{"start":{"line":74,"column":5},"end":{"line":74,"column":12}}]},"12":{"loc":{"start":{"line":86,"column":5},"end":{"line":86,"column":null}},"type":"cond-expr","locations":[{"start":{"line":86,"column":12},"end":{"line":86,"column":null}},{"start":{"line":86,"column":12},"end":{"line":86,"column":null}}]},"13":{"loc":{"start":{"line":86,"column":5},"end":{"line":86,"column":12}},"type":"binary-expr","locations":[{"start":{"line":86,"column":5},"end":{"line":86,"column":null}},{"start":{"line":86,"column":5},"end":{"line":86,"column":12}}]},"14":{"loc":{"start":{"line":35,"column":41},"end":{"line":35,"column":59}},"type":"cond-expr","locations":[{"start":{"line":35,"column":56},"end":{"line":35,"column":59}},{"start":{"line":35,"column":56},"end":{"line":35,"column":59}}]},"15":{"loc":{"start":{"line":35,"column":41},"end":{"line":35,"column":56}},"type":"binary-expr","locations":[{"start":{"line":35,"column":41},"end":{"line":35,"column":59}},{"start":{"line":35,"column":41},"end":{"line":35,"column":56}}]}},"s":{"0":0,"1":0,"2":0,"3":0,"4":0,"5":0,"6":0,"7":0,"8":0,"9":0,"10":0,"11":0,"12":0,"13":0,"14":0,"15":0,"16":0,"17":0,"18":0,"19":0,"20":0,"21":0,"22":0,"23":0,"24":0,"25":0},"f":{"0":0,"1":0,"2":0,"3":0,"4":0,"5":0,"6":0},"b":{"0":[0,0],"1":[0,0],"2":[0,0],"3":[0,0],"4":[0,0],"5":[0,0],"6":[0,0],"7":[0,0],"8":[0,0],"9":[0,0],"10":[0,0],"11":[0,0],"12":[0,0],"13":[0,0],"14":[0,0],"15":[0,0]}}
,"/Users/godswilldavid/source/repos/NodeJs/Nexa/apps/api/src/modules/vehicles/vehicles.module.ts": {"path":"/Users/godswilldavid/source/repos/NodeJs/Nexa/apps/api/src/modules/vehicles/vehicles.module.ts","statementMap":{"0":{"start":{"line":1,"column":0},"end":{"line":1,"column":40}},"1":{"start":{"line":2,"column":0},"end":{"line":2,"column":48}},"2":{"start":{"line":3,"column":0},"end":{"line":3,"column":50}},"3":{"start":{"line":4,"column":0},"end":{"line":4,"column":59}},"4":{"start":{"line":5,"column":0},"end":{"line":5,"column":53}},"5":{"start":{"line":13,"column":7},"end":{"line":13,"column":null}},"6":{"start":{"line":13,"column":13},"end":{"line":13,"column":27}},"7":{"start":{"line":13,"column":13},"end":{"line":13,"column":null}}},"fnMap":{},"branchMap":{},"s":{"0":0,"1":0,"2":0,"3":0,"4":0,"5":0,"6":0,"7":0},"f":{},"b":{}}
,"/Users/godswilldavid/source/repos/NodeJs/Nexa/apps/api/src/modules/vehicles/vehicles.service.ts": {"path":"/Users/godswilldavid/source/repos/NodeJs/Nexa/apps/api/src/modules/vehicles/vehicles.service.ts","statementMap":{"0":{"start":{"line":1,"column":0},"end":{"line":1,"column":null}},"1":{"start":{"line":6,"column":0},"end":{"line":6,"column":51}},"2":{"start":{"line":8,"column":0},"end":{"line":8,"column":37}},"3":{"start":{"line":9,"column":0},"end":{"line":9,"column":50}},"4":{"start":{"line":14,"column":7},"end":{"line":87,"column":null}},"5":{"start":{"line":17,"column":21},"end":{"line":17,"column":34}},"6":{"start":{"line":21,"column":20},"end":{"line":28,"column":6}},"7":{"start":{"line":29,"column":4},"end":{"line":29,"column":42}},"8":{"start":{"line":33,"column":4},"end":{"line":36,"column":7}},"9":{"start":{"line":40,"column":20},"end":{"line":40,"column":76}},"10":{"start":{"line":41,"column":4},"end":{"line":41,"column":67}},"11":{"start":{"line":41,"column":18},"end":{"line":41,"column":67}},"12":{"start":{"line":42,"column":4},"end":{"line":42,"column":19}},"13":{"start":{"line":46,"column":20},"end":{"line":46,"column":50}},"14":{"start":{"line":47,"column":4},"end":{"line":49,"column":5}},"15":{"start":{"line":48,"column":6},"end":{"line":48,"column":66}},"16":{"start":{"line":50,"column":4},"end":{"line":50,"column":19}},"17":{"start":{"line":58,"column":20},"end":{"line":58,"column":67}},"18":{"start":{"line":60,"column":4},"end":{"line":62,"column":5}},"19":{"start":{"line":61,"column":6},"end":{"line":61,"column":91}},"20":{"start":{"line":63,"column":4},"end":{"line":63,"column":63}},"21":{"start":{"line":63,"column":32},"end":{"line":63,"column":63}},"22":{"start":{"line":64,"column":4},"end":{"line":64,"column":66}},"23":{"start":{"line":64,"column":33},"end":{"line":64,"column":66}},"24":{"start":{"line":65,"column":4},"end":{"line":65,"column":77}},"25":{"start":{"line":65,"column":39},"end":{"line":65,"column":77}},"26":{"start":{"line":66,"column":4},"end":{"line":66,"column":78}},"27":{"start":{"line":66,"column":34},"end":{"line":66,"column":78}},"28":{"start":{"line":68,"column":4},"end":{"line":68,"column":42}},"29":{"start":{"line":72,"column":20},"end":{"line":72,"column":67}},"30":{"start":{"line":73,"column":4},"end":{"line":73,"column":43}},"31":{"start":{"line":77,"column":4},"end":{"line":85,"column":6}},"32":{"start":{"line":14,"column":13},"end":{"line":14,"column":28}},"33":{"start":{"line":14,"column":13},"end":{"line":87,"column":null}}},"fnMap":{"0":{"name":"(anonymous_4)","decl":{"start":{"line":15,"column":2},"end":{"line":15,"column":null}},"loc":{"start":{"line":17,"column":53},"end":{"line":18,"column":6}}},"1":{"name":"(anonymous_5)","decl":{"start":{"line":20,"column":2},"end":{"line":20,"column":7}},"loc":{"start":{"line":20,"column":53},"end":{"line":30,"column":3}}},"2":{"name":"(anonymous_6)","decl":{"start":{"line":32,"column":2},"end":{"line":32,"column":7}},"loc":{"start":{"line":32,"column":38},"end":{"line":37,"column":3}}},"3":{"name":"(anonymous_7)","decl":{"start":{"line":39,"column":2},"end":{"line":39,"column":7}},"loc":{"start":{"line":39,"column":34},"end":{"line":43,"column":3}}},"4":{"name":"(anonymous_8)","decl":{"start":{"line":45,"column":2},"end":{"line":45,"column":7}},"loc":{"start":{"line":45,"column":59},"end":{"line":51,"column":3}}},"5":{"name":"(anonymous_9)","decl":{"start":{"line":53,"column":2},"end":{"line":53,"column":7}},"loc":{"start":{"line":56,"column":25},"end":{"line":69,"column":3}}},"6":{"name":"(anonymous_10)","decl":{"start":{"line":71,"column":2},"end":{"line":71,"column":7}},"loc":{"start":{"line":71,"column":49},"end":{"line":74,"column":3}}},"7":{"name":"(anonymous_11)","decl":{"start":{"line":76,"column":2},"end":{"line":76,"column":12}},"loc":{"start":{"line":76,"column":29},"end":{"line":86,"column":3}}}},"branchMap":{"0":{"loc":{"start":{"line":27,"column":14},"end":{"line":27,"column":40}},"type":"binary-expr","locations":[{"start":{"line":27,"column":14},"end":{"line":27,"column":32}},{"start":{"line":27,"column":36},"end":{"line":27,"column":40}}]},"1":{"loc":{"start":{"line":41,"column":4},"end":{"line":41,"column":67}},"type":"if","locations":[{"start":{"line":41,"column":4},"end":{"line":41,"column":67}},{"start":{},"end":{}}]},"2":{"loc":{"start":{"line":47,"column":4},"end":{"line":49,"column":5}},"type":"if","locations":[{"start":{"line":47,"column":4},"end":{"line":49,"column":5}},{"start":{},"end":{}}]},"3":{"loc":{"start":{"line":60,"column":4},"end":{"line":62,"column":5}},"type":"if","locations":[{"start":{"line":60,"column":4},"end":{"line":62,"column":5}},{"start":{},"end":{}}]},"4":{"loc":{"start":{"line":63,"column":4},"end":{"line":63,"column":63}},"type":"if","locations":[{"start":{"line":63,"column":4},"end":{"line":63,"column":63}},{"start":{},"end":{}}]},"5":{"loc":{"start":{"line":64,"column":4},"end":{"line":64,"column":66}},"type":"if","locations":[{"start":{"line":64,"column":4},"end":{"line":64,"column":66}},{"start":{},"end":{}}]},"6":{"loc":{"start":{"line":65,"column":4},"end":{"line":65,"column":77}},"type":"if","locations":[{"start":{"line":65,"column":4},"end":{"line":65,"column":77}},{"start":{},"end":{}}]},"7":{"loc":{"start":{"line":66,"column":4},"end":{"line":66,"column":78}},"type":"if","locations":[{"start":{"line":66,"column":4},"end":{"line":66,"column":78}},{"start":{},"end":{}}]},"8":{"loc":{"start":{"line":66,"column":51},"end":{"line":66,"column":77}},"type":"binary-expr","locations":[{"start":{"line":66,"column":51},"end":{"line":66,"column":69}},{"start":{"line":66,"column":73},"end":{"line":66,"column":77}}]},"9":{"loc":{"start":{"line":17,"column":34},"end":{"line":17,"column":53}},"type":"cond-expr","locations":[{"start":{"line":17,"column":44},"end":{"line":17,"column":53}},{"start":{"line":17,"column":44},"end":{"line":17,"column":53}}]},"10":{"loc":{"start":{"line":17,"column":34},"end":{"line":17,"column":44}},"type":"binary-expr","locations":[{"start":{"line":17,"column":34},"end":{"line":17,"column":53}},{"start":{"line":17,"column":34},"end":{"line":17,"column":44}}]}},"s":{"0":0,"1":0,"2":0,"3":0,"4":0,"5":0,"6":0,"7":0,"8":0,"9":0,"10":0,"11":0,"12":0,"13":0,"14":0,"15":0,"16":0,"17":0,"18":0,"19":0,"20":0,"21":0,"22":0,"23":0,"24":0,"25":0,"26":0,"27":0,"28":0,"29":0,"30":0,"31":0,"32":0,"33":0},"f":{"0":0,"1":0,"2":0,"3":0,"4":0,"5":0,"6":0,"7":0},"b":{"0":[0,0],"1":[0,0],"2":[0,0],"3":[0,0],"4":[0,0],"5":[0,0],"6":[0,0],"7":[0,0],"8":[0,0],"9":[0,0],"10":[0,0]}}
,"/Users/godswilldavid/source/repos/NodeJs/Nexa/apps/api/src/modules/vehicles/dto/create-vehicle.dto.ts": {"path":"/Users/godswilldavid/source/repos/NodeJs/Nexa/apps/api/src/modules/vehicles/dto/create-vehicle.dto.ts","statementMap":{"0":{"start":{"line":1,"column":0},"end":{"line":1,"column":86}},"1":{"start":{"line":2,"column":0},"end":{"line":2,"column":43}},"2":{"start":{"line":3,"column":0},"end":{"line":3,"column":67}},"3":{"start":{"line":5,"column":0},"end":{"line":5,"column":13}},"4":{"start":{"line":10,"column":2},"end":{"line":10,"column":null}},"5":{"start":{"line":16,"column":2},"end":{"line":16,"column":null}},"6":{"start":{"line":22,"column":2},"end":{"line":22,"column":null}},"7":{"start":{"line":26,"column":2},"end":{"line":26,"column":null}},"8":{"start":{"line":32,"column":2},"end":{"line":32,"column":null}}},"fnMap":{},"branchMap":{"0":{"loc":{"start":{"line":26,"column":15},"end":{"line":26,"column":27}},"type":"cond-expr","locations":[{"start":{"line":26,"column":26},"end":{"line":26,"column":27}},{"start":{"line":26,"column":26},"end":{"line":26,"column":27}}]},"1":{"loc":{"start":{"line":26,"column":15},"end":{"line":26,"column":26}},"type":"binary-expr","locations":[{"start":{"line":26,"column":15},"end":{"line":26,"column":27}},{"start":{"line":26,"column":15},"end":{"line":26,"column":26}}]}},"s":{"0":0,"1":0,"2":0,"3":0,"4":0,"5":0,"6":0,"7":0,"8":0},"f":{},"b":{"0":[0,0],"1":[0,0]}}
,"/Users/godswilldavid/source/repos/NodeJs/Nexa/apps/api/src/modules/vehicles/dto/update-vehicle.dto.ts": {"path":"/Users/godswilldavid/source/repos/NodeJs/Nexa/apps/api/src/modules/vehicles/dto/update-vehicle.dto.ts","statementMap":{"0":{"start":{"line":1,"column":0},"end":{"line":1,"column":74}},"1":{"start":{"line":2,"column":0},"end":{"line":2,"column":43}},"2":{"start":{"line":3,"column":0},"end":{"line":3,"column":54}},"3":{"start":{"line":5,"column":0},"end":{"line":5,"column":13}},"4":{"start":{"line":10,"column":2},"end":{"line":10,"column":null}},"5":{"start":{"line":16,"column":2},"end":{"line":16,"column":null}},"6":{"start":{"line":22,"column":2},"end":{"line":22,"column":null}},"7":{"start":{"line":27,"column":2},"end":{"line":27,"column":null}},"8":{"start":{"line":33,"column":2},"end":{"line":33,"column":null}}},"fnMap":{},"branchMap":{"0":{"loc":{"start":{"line":27,"column":16},"end":{"line":27,"column":28}},"type":"cond-expr","locations":[{"start":{"line":27,"column":27},"end":{"line":27,"column":28}},{"start":{"line":27,"column":27},"end":{"line":27,"column":28}}]},"1":{"loc":{"start":{"line":27,"column":16},"end":{"line":27,"column":27}},"type":"binary-expr","locations":[{"start":{"line":27,"column":16},"end":{"line":27,"column":28}},{"start":{"line":27,"column":16},"end":{"line":27,"column":27}}]}},"s":{"0":0,"1":0,"2":0,"3":0,"4":0,"5":0,"6":0,"7":0,"8":0},"f":{},"b":{"0":[0,0],"1":[0,0]}}
}
